<?xml version="1.0" encoding="UTF-8"?>
<coverage generated="1528482723004" clover="3.2.0">
  <project timestamp="1528482723004" name="All files">
    <metrics statements="364" coveredstatements="294" conditionals="137" coveredconditionals="86" methods="82" coveredmethods="64" elements="583" coveredelements="444" complexity="0" loc="364" ncloc="364" packages="1" files="10" classes="10">
      <file name="base.ts" path="C:\Users\yagol\Documents\projects\metaphasejs\src\orm\base.ts">
        <metrics statements="29" coveredstatements="29" conditionals="12" coveredconditionals="11" methods="6" coveredmethods="6"/>
        <line num="7" count="6" type="stmt"/>
        <line num="11" count="6" type="stmt"/>
        <line num="13" count="130" type="cond" truecount="2" falsecount="0"/>
        <line num="14" count="54" type="stmt"/>
        <line num="16" count="76" type="stmt"/>
        <line num="18" count="130" type="stmt"/>
        <line num="21" count="6" type="stmt"/>
        <line num="22" count="38" type="cond" truecount="1" falsecount="1"/>
        <line num="23" count="38" type="stmt"/>
        <line num="24" count="36" type="stmt"/>
        <line num="25" count="36" type="stmt"/>
        <line num="28" count="6" type="stmt"/>
        <line num="29" count="1" type="stmt"/>
        <line num="30" count="1" type="stmt"/>
        <line num="33" count="6" type="stmt"/>
        <line num="34" count="39" type="cond" truecount="2" falsecount="0"/>
        <line num="36" count="39" type="cond" truecount="2" falsecount="0"/>
        <line num="37" count="1" type="stmt"/>
        <line num="39" count="38" type="stmt"/>
        <line num="41" count="37" type="cond" truecount="2" falsecount="0"/>
        <line num="42" count="37" type="stmt"/>
        <line num="45" count="6" type="stmt"/>
        <line num="46" count="3" type="cond" truecount="2" falsecount="0"/>
        <line num="47" count="3" type="stmt"/>
        <line num="48" count="3" type="stmt"/>
        <line num="49" count="3" type="stmt"/>
        <line num="50" count="3" type="stmt"/>
        <line num="51" count="3" type="stmt"/>
        <line num="54" count="6" type="stmt"/>
      </file>
      <file name="collection.ts" path="C:\Users\yagol\Documents\projects\metaphasejs\src\orm\collection.ts">
        <metrics statements="78" coveredstatements="78" conditionals="24" coveredconditionals="24" methods="20" coveredmethods="20"/>
        <line num="25" count="6" type="stmt"/>
        <line num="27" count="13" type="stmt"/>
        <line num="28" count="13" type="cond" truecount="2" falsecount="0"/>
        <line num="29" count="13" type="cond" truecount="2" falsecount="0"/>
        <line num="30" count="10" type="stmt"/>
        <line num="32" count="13" type="stmt"/>
        <line num="35" count="13" type="stmt"/>
        <line num="36" count="13" type="stmt"/>
        <line num="39" count="13" type="stmt"/>
        <line num="41" count="13" type="stmt"/>
        <line num="45" count="6" type="stmt"/>
        <line num="46" count="13" type="stmt"/>
        <line num="47" count="13" type="stmt"/>
        <line num="48" count="40" type="stmt"/>
        <line num="57" count="6" type="stmt"/>
        <line num="58" count="17" type="stmt"/>
        <line num="59" count="19" type="stmt"/>
        <line num="61" count="17" type="stmt"/>
        <line num="64" count="6" type="cond" truecount="2" falsecount="0"/>
        <line num="65" count="2" type="stmt"/>
        <line num="66" count="2" type="stmt"/>
        <line num="67" count="2" type="stmt"/>
        <line num="68" count="2" type="cond" truecount="2" falsecount="0"/>
        <line num="69" count="3" type="stmt"/>
        <line num="70" count="1" type="stmt"/>
        <line num="72" count="1" type="stmt"/>
        <line num="76" count="6" type="cond" truecount="2" falsecount="0"/>
        <line num="77" count="3" type="stmt"/>
        <line num="78" count="3" type="stmt"/>
        <line num="79" count="3" type="stmt"/>
        <line num="80" count="3" type="cond" truecount="2" falsecount="0"/>
        <line num="81" count="1" type="stmt"/>
        <line num="83" count="3" type="stmt"/>
        <line num="86" count="6" type="stmt"/>
        <line num="87" count="15" type="cond" truecount="2" falsecount="0"/>
        <line num="88" count="16" type="cond" truecount="2" falsecount="0"/>
        <line num="90" count="9" type="stmt"/>
        <line num="91" count="9" type="stmt"/>
        <line num="92" count="9" type="cond" truecount="2" falsecount="0"/>
        <line num="93" count="1" type="stmt"/>
        <line num="94" count="1" type="stmt"/>
        <line num="95" count="1" type="stmt"/>
        <line num="97" count="8" type="stmt"/>
        <line num="101" count="6" type="stmt"/>
        <line num="104" count="6" type="cond" truecount="2" falsecount="0"/>
        <line num="105" count="7" type="cond" truecount="2" falsecount="0"/>
        <line num="107" count="5" type="stmt"/>
        <line num="108" count="5" type="stmt"/>
        <line num="109" count="5" type="cond" truecount="2" falsecount="0"/>
        <line num="110" count="2" type="stmt"/>
        <line num="111" count="2" type="stmt"/>
        <line num="112" count="2" type="stmt"/>
        <line num="114" count="3" type="stmt"/>
        <line num="118" count="6" type="stmt"/>
        <line num="119" count="13" type="stmt"/>
        <line num="122" count="6" type="stmt"/>
        <line num="123" count="10" type="stmt"/>
        <line num="124" count="10" type="stmt"/>
        <line num="125" count="10" type="stmt"/>
        <line num="132" count="10" type="stmt"/>
        <line num="134" count="10" type="stmt"/>
        <line num="135" count="10" type="stmt"/>
        <line num="136" count="10" type="stmt"/>
        <line num="137" count="10" type="stmt"/>
        <line num="140" count="6" type="stmt"/>
        <line num="141" count="10" type="stmt"/>
        <line num="142" count="10" type="stmt"/>
        <line num="143" count="10" type="stmt"/>
        <line num="152" count="6" type="stmt"/>
        <line num="153" count="5" type="stmt"/>
        <line num="160" count="6" type="stmt"/>
        <line num="161" count="4" type="stmt"/>
        <line num="170" count="6" type="stmt"/>
        <line num="171" count="9" type="stmt"/>
        <line num="173" count="9" type="stmt"/>
        <line num="181" count="6" type="stmt"/>
        <line num="182" count="1" type="stmt"/>
        <line num="185" count="6" type="stmt"/>
      </file>
      <file name="column.ts" path="C:\Users\yagol\Documents\projects\metaphasejs\src\orm\column.ts">
        <metrics statements="58" coveredstatements="49" conditionals="28" coveredconditionals="18" methods="8" coveredmethods="6"/>
        <line num="10" count="6" type="cond" truecount="2" falsecount="0"/>
        <line num="11" count="6" type="stmt"/>
        <line num="12" count="6" type="stmt"/>
        <line num="13" count="6" type="stmt"/>
        <line num="14" count="6" type="stmt"/>
        <line num="15" count="6" type="stmt"/>
        <line num="30" count="6" type="stmt"/>
        <line num="46" count="53" type="stmt"/>
        <line num="47" count="53" type="stmt"/>
        <line num="48" count="53" type="stmt"/>
        <line num="49" count="53" type="stmt"/>
        <line num="50" count="53" type="stmt"/>
        <line num="51" count="53" type="stmt"/>
        <line num="52" count="53" type="stmt"/>
        <line num="53" count="53" type="stmt"/>
        <line num="54" count="53" type="stmt"/>
        <line num="56" count="53" type="stmt"/>
        <line num="57" count="53" type="stmt"/>
        <line num="58" count="53" type="stmt"/>
        <line num="59" count="53" type="stmt"/>
        <line num="60" count="53" type="stmt"/>
        <line num="61" count="53" type="stmt"/>
        <line num="62" count="53" type="stmt"/>
        <line num="63" count="53" type="stmt"/>
        <line num="64" count="53" type="stmt"/>
        <line num="76" count="6" type="stmt"/>
        <line num="77" count="7" type="cond" truecount="1" falsecount="1"/>
        <line num="78" count="0" type="stmt"/>
        <line num="81" count="7" type="cond" truecount="1" falsecount="1"/>
        <line num="82" count="0" type="stmt"/>
        <line num="85" count="7" type="stmt"/>
        <line num="97" count="6" type="stmt"/>
        <line num="99" count="40" type="stmt"/>
        <line num="100" count="40" type="stmt"/>
        <line num="101" count="40" type="stmt"/>
        <line num="103" count="40" type="cond" truecount="1" falsecount="1"/>
        <line num="105" count="40" type="cond" truecount="3" falsecount="1"/>
        <line num="106" count="0" type="cond" truecount="0" falsecount="2"/>
        <line num="108" count="40" type="cond" truecount="2" falsecount="0"/>
        <line num="109" count="7" type="stmt"/>
        <line num="111" count="40" type="cond" truecount="2" falsecount="0"/>
        <line num="112" count="13" type="stmt"/>
        <line num="114" count="40" type="cond" truecount="2" falsecount="0"/>
        <line num="115" count="6" type="stmt"/>
        <line num="117" count="40" type="cond" truecount="1" falsecount="1"/>
        <line num="118" count="0" type="stmt"/>
        <line num="120" count="40" type="cond" truecount="2" falsecount="0"/>
        <line num="123" count="6" type="stmt"/>
        <line num="129" count="6" type="cond" truecount="1" falsecount="1"/>
        <line num="130" count="0" type="stmt"/>
        <line num="132" count="6" type="stmt"/>
        <line num="136" count="6" type="stmt"/>
        <line num="142" count="0" type="cond" truecount="0" falsecount="2"/>
        <line num="143" count="0" type="stmt"/>
        <line num="145" count="0" type="stmt"/>
        <line num="149" count="6" type="stmt"/>
        <line num="150" count="0" type="stmt"/>
        <line num="152" count="6" type="stmt"/>
      </file>
      <file name="database.ts" path="C:\Users\yagol\Documents\projects\metaphasejs\src\orm\database.ts">
        <metrics statements="61" coveredstatements="32" conditionals="8" coveredconditionals="2" methods="14" coveredmethods="6"/>
        <line num="2" count="6" type="stmt"/>
        <line num="5" count="6" type="stmt"/>
        <line num="102" count="6" type="stmt"/>
        <line num="104" count="6" type="stmt"/>
        <line num="105" count="0" type="stmt"/>
        <line num="108" count="6" type="stmt"/>
        <line num="109" count="15" type="stmt"/>
        <line num="110" count="15" type="stmt"/>
        <line num="111" count="15" type="stmt"/>
        <line num="114" count="6" type="stmt"/>
        <line num="115" count="91" type="stmt"/>
        <line num="116" count="91" type="stmt"/>
        <line num="119" count="6" type="stmt"/>
        <line num="120" count="129" type="stmt"/>
        <line num="121" count="129" type="stmt"/>
        <line num="122" count="100" type="stmt"/>
        <line num="124" count="127" type="stmt"/>
        <line num="125" count="127" type="stmt"/>
        <line num="128" count="6" type="stmt"/>
        <line num="129" count="0" type="stmt"/>
        <line num="130" count="0" type="cond" truecount="0" falsecount="2"/>
        <line num="133" count="6" type="stmt"/>
        <line num="134" count="38" type="stmt"/>
        <line num="135" count="38" type="stmt"/>
        <line num="136" count="38" type="stmt"/>
        <line num="137" count="38" type="stmt"/>
        <line num="140" count="6" type="stmt"/>
        <line num="141" count="1" type="stmt"/>
        <line num="144" count="6" type="stmt"/>
        <line num="145" count="0" type="stmt"/>
        <line num="148" count="6" type="stmt"/>
        <line num="149" count="37" type="stmt"/>
        <line num="150" count="37" type="cond" truecount="2" falsecount="0"/>
        <line num="153" count="6" type="stmt"/>
        <line num="154" count="0" type="stmt"/>
        <line num="156" count="0" type="cond" truecount="0" falsecount="2"/>
        <line num="157" count="0" type="stmt"/>
        <line num="160" count="0" type="cond" truecount="0" falsecount="2"/>
        <line num="161" count="0" type="stmt"/>
        <line num="162" count="0" type="stmt"/>
        <line num="163" count="0" type="stmt"/>
        <line num="164" count="0" type="stmt"/>
        <line num="165" count="0" type="stmt"/>
        <line num="167" count="0" type="stmt"/>
        <line num="169" count="0" type="stmt"/>
        <line num="170" count="0" type="stmt"/>
        <line num="171" count="0" type="stmt"/>
        <line num="172" count="0" type="stmt"/>
        <line num="173" count="0" type="stmt"/>
        <line num="177" count="0" type="stmt"/>
        <line num="178" count="0" type="stmt"/>
        <line num="182" count="6" type="stmt"/>
        <line num="183" count="0" type="stmt"/>
        <line num="184" count="0" type="stmt"/>
        <line num="185" count="0" type="stmt"/>
        <line num="186" count="0" type="stmt"/>
        <line num="187" count="0" type="stmt"/>
        <line num="188" count="0" type="stmt"/>
        <line num="190" count="0" type="stmt"/>
        <line num="191" count="0" type="stmt"/>
        <line num="195" count="6" type="stmt"/>
      </file>
      <file name="decorators.ts" path="C:\Users\yagol\Documents\projects\metaphasejs\src\orm\decorators.ts">
        <metrics statements="16" coveredstatements="9" conditionals="23" coveredconditionals="8" methods="3" coveredmethods="1"/>
        <line num="10" count="0" type="stmt"/>
        <line num="12" count="0" type="stmt"/>
        <line num="14" count="0" type="cond" truecount="0" falsecount="2"/>
        <line num="20" count="0" type="cond" truecount="0" falsecount="2"/>
        <line num="21" count="0" type="stmt"/>
        <line num="23" count="0" type="stmt"/>
        <line num="26" count="0" type="stmt"/>
        <line num="58" count="4" type="cond" truecount="2" falsecount="0"/>
        <line num="61" count="4" type="cond" truecount="2" falsecount="0"/>
        <line num="62" count="1" type="stmt"/>
        <line num="63" count="3" type="cond" truecount="2" falsecount="0"/>
        <line num="64" count="1" type="stmt"/>
        <line num="65" count="2" type="cond" truecount="2" falsecount="0"/>
        <line num="66" count="1" type="stmt"/>
        <line num="68" count="1" type="stmt"/>
        <line num="70" count="3" type="stmt"/>
      </file>
      <file name="exceptions.ts" path="C:\Users\yagol\Documents\projects\metaphasejs\src\orm\exceptions.ts">
        <metrics statements="19" coveredstatements="15" conditionals="8" coveredconditionals="3" methods="6" coveredmethods="5"/>
        <line num="3" count="6" type="stmt"/>
        <line num="5" count="1" type="stmt"/>
        <line num="6" count="1" type="cond" truecount="1" falsecount="1"/>
        <line num="8" count="1" type="cond" truecount="1" falsecount="1"/>
        <line num="9" count="0" type="stmt"/>
        <line num="11" count="1" type="stmt"/>
        <line num="13" count="1" type="stmt"/>
        <line num="15" count="1" type="stmt"/>
        <line num="17" count="6" type="stmt"/>
        <line num="19" count="6" type="stmt"/>
        <line num="21" count="1" type="cond" truecount="1" falsecount="1"/>
        <line num="22" count="1" type="stmt"/>
        <line num="23" count="1" type="stmt"/>
        <line num="25" count="6" type="stmt"/>
        <line num="27" count="6" type="stmt"/>
        <line num="29" count="0" type="cond" truecount="0" falsecount="2"/>
        <line num="30" count="0" type="stmt"/>
        <line num="31" count="0" type="stmt"/>
        <line num="33" count="6" type="stmt"/>
      </file>
      <file name="model.ts" path="C:\Users\yagol\Documents\projects\metaphasejs\src\orm\model.ts">
        <metrics statements="56" coveredstatements="43" conditionals="14" coveredconditionals="9" methods="14" coveredmethods="11"/>
        <line num="6" count="6" type="stmt"/>
        <line num="11" count="86" type="cond" truecount="2" falsecount="0"/>
        <line num="12" count="86" type="stmt"/>
        <line num="21" count="6" type="stmt"/>
        <line num="22" count="41" type="stmt"/>
        <line num="25" count="6" type="stmt"/>
        <line num="26" count="75" type="stmt"/>
        <line num="29" count="6" type="stmt"/>
        <line num="30" count="33" type="stmt"/>
        <line num="34" count="6" type="stmt"/>
        <line num="35" count="14" type="cond" truecount="1" falsecount="1"/>
        <line num="36" count="0" type="stmt"/>
        <line num="38" count="14" type="cond" truecount="2" falsecount="0"/>
        <line num="39" count="1" type="stmt"/>
        <line num="41" count="13" type="stmt"/>
        <line num="42" count="13" type="stmt"/>
        <line num="43" count="13" type="stmt"/>
        <line num="49" count="6" type="stmt"/>
        <line num="50" count="1" type="cond" truecount="1" falsecount="1"/>
        <line num="51" count="0" type="stmt"/>
        <line num="53" count="1" type="stmt"/>
        <line num="54" count="1" type="stmt"/>
        <line num="55" count="1" type="stmt"/>
        <line num="56" count="1" type="stmt"/>
        <line num="57" count="1" type="stmt"/>
        <line num="66" count="6" type="stmt"/>
        <line num="67" count="19" type="cond" truecount="1" falsecount="1"/>
        <line num="68" count="0" type="stmt"/>
        <line num="70" count="19" type="stmt"/>
        <line num="71" count="19" type="stmt"/>
        <line num="72" count="19" type="stmt"/>
        <line num="73" count="19" type="stmt"/>
        <line num="74" count="19" type="stmt"/>
        <line num="76" count="0" type="stmt"/>
        <line num="77" count="0" type="stmt"/>
        <line num="78" count="0" type="stmt"/>
        <line num="85" count="6" type="stmt"/>
        <line num="86" count="21" type="cond" truecount="2" falsecount="0"/>
        <line num="87" count="15" type="stmt"/>
        <line num="88" count="15" type="stmt"/>
        <line num="89" count="15" type="stmt"/>
        <line num="90" count="15" type="stmt"/>
        <line num="91" count="15" type="stmt"/>
        <line num="92" count="15" type="stmt"/>
        <line num="93" count="13" type="stmt"/>
        <line num="94" count="13" type="stmt"/>
        <line num="110" count="6" type="stmt"/>
        <line num="111" count="0" type="cond" truecount="0" falsecount="2"/>
        <line num="112" count="0" type="stmt"/>
        <line num="113" count="0" type="stmt"/>
        <line num="115" count="0" type="stmt"/>
        <line num="116" count="0" type="stmt"/>
        <line num="119" count="0" type="stmt"/>
        <line num="122" count="6" type="stmt"/>
        <line num="123" count="0" type="stmt"/>
        <line num="176" count="6" type="stmt"/>
      </file>
      <file name="query.builder.ts" path="C:\Users\yagol\Documents\projects\metaphasejs\src\orm\query.builder.ts">
        <metrics statements="11" coveredstatements="10" conditionals="4" coveredconditionals="2" methods="2" coveredmethods="2"/>
        <line num="1" count="6" type="stmt"/>
        <line num="7" count="6" type="cond" truecount="1" falsecount="1"/>
        <line num="12" count="0" type="stmt"/>
        <line num="20" count="6" type="cond" truecount="1" falsecount="1"/>
        <line num="21" count="6" type="stmt"/>
        <line num="26" count="6" type="stmt"/>
        <line num="32" count="6" type="stmt"/>
        <line num="44" count="6" type="stmt"/>
        <line num="45" count="76" type="stmt"/>
        <line num="52" count="6" type="stmt"/>
        <line num="53" count="4" type="stmt"/>
      </file>
      <file name="types.ts" path="C:\Users\yagol\Documents\projects\metaphasejs\src\orm\types.ts">
        <metrics statements="9" coveredstatements="9" conditionals="2" coveredconditionals="2" methods="1" coveredmethods="1"/>
        <line num="1" count="6" type="cond" truecount="2" falsecount="0"/>
        <line num="2" count="6" type="stmt"/>
        <line num="3" count="6" type="stmt"/>
        <line num="4" count="6" type="stmt"/>
        <line num="5" count="6" type="stmt"/>
        <line num="6" count="6" type="stmt"/>
        <line num="7" count="6" type="stmt"/>
        <line num="8" count="6" type="stmt"/>
        <line num="9" count="6" type="stmt"/>
      </file>
      <file name="yago.logger.ts" path="C:\Users\yagol\Documents\projects\metaphasejs\src\orm\yago.logger.ts">
        <metrics statements="27" coveredstatements="20" conditionals="14" coveredconditionals="7" methods="8" coveredmethods="6"/>
        <line num="9" count="6" type="stmt"/>
        <line num="16" count="6" type="stmt"/>
        <line num="17" count="6" type="stmt"/>
        <line num="18" count="6" type="stmt"/>
        <line num="19" count="6" type="stmt"/>
        <line num="20" count="6" type="cond" truecount="1" falsecount="1"/>
        <line num="31" count="0" type="stmt"/>
        <line num="32" count="0" type="cond" truecount="0" falsecount="2"/>
        <line num="33" count="0" type="cond" truecount="0" falsecount="2"/>
        <line num="34" count="0" type="stmt"/>
        <line num="37" count="0" type="stmt"/>
        <line num="42" count="6" type="stmt"/>
        <line num="43" count="6" type="cond" truecount="2" falsecount="0"/>
        <line num="51" count="6" type="stmt"/>
        <line num="52" count="6" type="stmt"/>
        <line num="53" count="6" type="stmt"/>
        <line num="56" count="6" type="cond" truecount="1" falsecount="1"/>
        <line num="57" count="6" type="stmt"/>
        <line num="65" count="6" type="stmt"/>
        <line num="79" count="149" type="cond" truecount="2" falsecount="0"/>
        <line num="80" count="109" type="stmt"/>
        <line num="81" count="109" type="stmt"/>
        <line num="83" count="40" type="cond" truecount="1" falsecount="1"/>
        <line num="84" count="40" type="stmt"/>
        <line num="85" count="40" type="stmt"/>
        <line num="87" count="0" type="stmt"/>
        <line num="97" count="0" type="stmt"/>
      </file>
    </metrics>
  </project>
</coverage>
