{"C:\\Users\\yagol\\Documents\\projects\\metaphasejs\\src\\orm\\base.ts": {"path":"C:\\Users\\yagol\\Documents\\projects\\metaphasejs\\src\\orm\\base.ts","statementMap":{"0":{"start":{"line":7,"column":0},"end":{"line":54,"column":0}},"1":{"start":{"line":11,"column":9},"end":{"line":19,"column":3}},"2":{"start":{"line":13,"column":4},"end":{"line":17,"column":5}},"3":{"start":{"line":14,"column":6},"end":{"line":14,"column":29}},"4":{"start":{"line":16,"column":6},"end":{"line":16,"column":35}},"5":{"start":{"line":18,"column":4},"end":{"line":18,"column":36}},"6":{"start":{"line":21,"column":12},"end":{"line":26,"column":3}},"7":{"start":{"line":22,"column":4},"end":{"line":22,"column":26}},"8":{"start":{"line":23,"column":4},"end":{"line":23,"column":53}},"9":{"start":{"line":24,"column":4},"end":{"line":24,"column":44}},"10":{"start":{"line":25,"column":4},"end":{"line":25,"column":20}},"11":{"start":{"line":28,"column":12},"end":{"line":31,"column":3}},"12":{"start":{"line":29,"column":4},"end":{"line":29,"column":76}},"13":{"start":{"line":30,"column":4},"end":{"line":30,"column":20}},"14":{"start":{"line":33,"column":9},"end":{"line":43,"column":3}},"15":{"start":{"line":34,"column":4},"end":{"line":34,"column":26}},"16":{"start":{"line":36,"column":4},"end":{"line":40,"column":5}},"17":{"start":{"line":37,"column":6},"end":{"line":37,"column":40}},"18":{"start":{"line":39,"column":6},"end":{"line":39,"column":40}},"19":{"start":{"line":41,"column":4},"end":{"line":41,"column":105}},"20":{"start":{"line":42,"column":4},"end":{"line":42,"column":24}},"21":{"start":{"line":45,"column":9},"end":{"line":52,"column":3}},"22":{"start":{"line":46,"column":4},"end":{"line":46,"column":26}},"23":{"start":{"line":47,"column":24},"end":{"line":47,"column":78}},"24":{"start":{"line":48,"column":4},"end":{"line":48,"column":24}},"25":{"start":{"line":49,"column":4},"end":{"line":49,"column":35}},"26":{"start":{"line":50,"column":4},"end":{"line":50,"column":80}},"27":{"start":{"line":51,"column":4},"end":{"line":51,"column":20}},"28":{"start":{"line":54,"column":0},"end":{"line":54,"column":1}}},"fnMap":{"0":{"name":"(anonymous_0)","decl":{"start":{"line":7,"column":0},"end":{"line":null,"column":-1}},"loc":{"start":{"line":7,"column":0},"end":{"line":7,"column":-1}}},"1":{"name":"(anonymous_2)","decl":{"start":{"line":11,"column":2},"end":{"line":null,"column":-1}},"loc":{"start":{"line":11,"column":2},"end":{"line":19,"column":3}}},"2":{"name":"(anonymous_3)","decl":{"start":{"line":21,"column":2},"end":{"line":21,"column":18}},"loc":{"start":{"line":21,"column":30},"end":{"line":26,"column":3}}},"3":{"name":"(anonymous_4)","decl":{"start":{"line":28,"column":2},"end":{"line":28,"column":18}},"loc":{"start":{"line":28,"column":30},"end":{"line":31,"column":3}}},"4":{"name":"(anonymous_5)","decl":{"start":{"line":33,"column":2},"end":{"line":33,"column":13}},"loc":{"start":{"line":33,"column":25},"end":{"line":43,"column":3}}},"5":{"name":"(anonymous_6)","decl":{"start":{"line":45,"column":2},"end":{"line":45,"column":15}},"loc":{"start":{"line":45,"column":27},"end":{"line":52,"column":3}}}},"branchMap":{"0":{"loc":{"start":{"line":13,"column":4},"end":{"line":17,"column":5}},"type":"if","locations":[{"start":{"line":13,"column":4},"end":{"line":17,"column":5}},{"start":{"line":13,"column":4},"end":{"line":17,"column":5}}]},"1":{"loc":{"start":{"line":22,"column":12},"end":{"line":22,"column":17}},"type":"binary-expr","locations":[{"start":{"line":22,"column":12},"end":{"line":22,"column":17}},{"start":{"line":22,"column":21},"end":{"line":22,"column":25}}]},"2":{"loc":{"start":{"line":34,"column":12},"end":{"line":34,"column":17}},"type":"binary-expr","locations":[{"start":{"line":34,"column":12},"end":{"line":34,"column":17}},{"start":{"line":34,"column":21},"end":{"line":34,"column":25}}]},"3":{"loc":{"start":{"line":36,"column":4},"end":{"line":40,"column":5}},"type":"if","locations":[{"start":{"line":36,"column":4},"end":{"line":40,"column":5}},{"start":{"line":36,"column":4},"end":{"line":40,"column":5}}]},"4":{"loc":{"start":{"line":41,"column":5},"end":{"line":41,"column":21}},"type":"binary-expr","locations":[{"start":{"line":41,"column":5},"end":{"line":41,"column":21}},{"start":{"line":41,"column":26},"end":{"line":41,"column":104}}]},"5":{"loc":{"start":{"line":46,"column":12},"end":{"line":46,"column":17}},"type":"binary-expr","locations":[{"start":{"line":46,"column":12},"end":{"line":46,"column":17}},{"start":{"line":46,"column":21},"end":{"line":46,"column":25}}]}},"s":{"0":1,"1":1,"2":39,"3":12,"4":27,"5":39,"6":1,"7":13,"8":13,"9":13,"10":13,"11":1,"12":0,"13":0,"14":1,"15":13,"16":13,"17":0,"18":13,"19":13,"20":13,"21":1,"22":0,"23":0,"24":0,"25":0,"26":0,"27":0,"28":1},"f":{"0":38,"1":39,"2":13,"3":0,"4":13,"5":0},"b":{"0":[12,27],"1":[13,0],"2":[13,7],"3":[0,13],"4":[13,13],"5":[0,0]}}
,"C:\\Users\\yagol\\Documents\\projects\\metaphasejs\\src\\orm\\collection.ts": {"path":"C:\\Users\\yagol\\Documents\\projects\\metaphasejs\\src\\orm\\collection.ts","statementMap":{"0":{"start":{"line":25,"column":0},"end":{"line":25,"column":36}},"1":{"start":{"line":25,"column":32},"end":{"line":25,"column":36}},"2":{"start":{"line":28,"column":4},"end":{"line":28,"column":11}},"3":{"start":{"line":27,"column":24},"end":{"line":27,"column":34}},"4":{"start":{"line":29,"column":4},"end":{"line":31,"column":5}},"5":{"start":{"line":30,"column":6},"end":{"line":30,"column":29}},"6":{"start":{"line":32,"column":4},"end":{"line":32,"column":54}},"7":{"start":{"line":35,"column":10},"end":{"line":42,"column":3}},"8":{"start":{"line":35,"column":2},"end":{"line":42,"column":2}},"9":{"start":{"line":36,"column":29},"end":{"line":40,"column":8}},"10":{"start":{"line":39,"column":8},"end":{"line":39,"column":49}},"11":{"start":{"line":41,"column":4},"end":{"line":41,"column":34}},"12":{"start":{"line":45,"column":10},"end":{"line":50,"column":3}},"13":{"start":{"line":46,"column":4},"end":{"line":46,"column":34}},"14":{"start":{"line":47,"column":4},"end":{"line":49,"column":5}},"15":{"start":{"line":48,"column":6},"end":{"line":48,"column":44}},"16":{"start":{"line":57,"column":9},"end":{"line":62,"column":3}},"17":{"start":{"line":58,"column":4},"end":{"line":60,"column":5}},"18":{"start":{"line":59,"column":6},"end":{"line":59,"column":52}},"19":{"start":{"line":61,"column":4},"end":{"line":61,"column":28}},"20":{"start":{"line":64,"column":9},"end":{"line":74,"column":3}},"21":{"start":{"line":64,"column":17},"end":{"line":64,"column":62}},"22":{"start":{"line":65,"column":19},"end":{"line":65,"column":68}},"23":{"start":{"line":66,"column":28},"end":{"line":66,"column":61}},"24":{"start":{"line":67,"column":4},"end":{"line":67,"column":43}},"25":{"start":{"line":68,"column":4},"end":{"line":73,"column":5}},"26":{"start":{"line":69,"column":6},"end":{"line":69,"column":65}},"27":{"start":{"line":69,"column":40},"end":{"line":69,"column":62}},"28":{"start":{"line":70,"column":6},"end":{"line":70,"column":20}},"29":{"start":{"line":72,"column":6},"end":{"line":72,"column":47}},"30":{"start":{"line":76,"column":9},"end":{"line":84,"column":3}},"31":{"start":{"line":76,"column":39},"end":{"line":76,"column":84}},"32":{"start":{"line":77,"column":19},"end":{"line":77,"column":86}},"33":{"start":{"line":78,"column":18},"end":{"line":78,"column":40}},"34":{"start":{"line":79,"column":4},"end":{"line":79,"column":23}},"35":{"start":{"line":80,"column":4},"end":{"line":82,"column":5}},"36":{"start":{"line":81,"column":6},"end":{"line":81,"column":29}},"37":{"start":{"line":83,"column":4},"end":{"line":83,"column":17}},"38":{"start":{"line":86,"column":9},"end":{"line":99,"column":3}},"39":{"start":{"line":87,"column":21},"end":{"line":87,"column":41}},"40":{"start":{"line":88,"column":21},"end":{"line":88,"column":66}},"41":{"start":{"line":90,"column":19},"end":{"line":90,"column":83}},"42":{"start":{"line":91,"column":4},"end":{"line":91,"column":43}},"43":{"start":{"line":92,"column":4},"end":{"line":98,"column":5}},"44":{"start":{"line":93,"column":30},"end":{"line":93,"column":63}},"45":{"start":{"line":94,"column":6},"end":{"line":94,"column":65}},"46":{"start":{"line":94,"column":40},"end":{"line":94,"column":62}},"47":{"start":{"line":95,"column":6},"end":{"line":95,"column":20}},"48":{"start":{"line":97,"column":6},"end":{"line":97,"column":47}},"49":{"start":{"line":101,"column":9},"end":{"line":116,"column":3}},"50":{"start":{"line":104,"column":23},"end":{"line":104,"column":45}},"51":{"start":{"line":105,"column":23},"end":{"line":105,"column":68}},"52":{"start":{"line":107,"column":19},"end":{"line":107,"column":99}},"53":{"start":{"line":108,"column":4},"end":{"line":108,"column":43}},"54":{"start":{"line":109,"column":4},"end":{"line":115,"column":5}},"55":{"start":{"line":110,"column":30},"end":{"line":110,"column":63}},"56":{"start":{"line":111,"column":6},"end":{"line":111,"column":65}},"57":{"start":{"line":111,"column":40},"end":{"line":111,"column":62}},"58":{"start":{"line":112,"column":6},"end":{"line":112,"column":20}},"59":{"start":{"line":114,"column":6},"end":{"line":114,"column":47}},"60":{"start":{"line":118,"column":10},"end":{"line":120,"column":3}},"61":{"start":{"line":119,"column":4},"end":{"line":119,"column":39}},"62":{"start":{"line":122,"column":10},"end":{"line":138,"column":3}},"63":{"start":{"line":123,"column":18},"end":{"line":123,"column":28}},"64":{"start":{"line":124,"column":25},"end":{"line":124,"column":57}},"65":{"start":{"line":125,"column":30},"end":{"line":131,"column":6}},"66":{"start":{"line":132,"column":22},"end":{"line":133,"column":67}},"67":{"start":{"line":134,"column":4},"end":{"line":134,"column":111}},"68":{"start":{"line":135,"column":4},"end":{"line":135,"column":35}},"69":{"start":{"line":136,"column":32},"end":{"line":136,"column":74}},"70":{"start":{"line":137,"column":4},"end":{"line":137,"column":48}},"71":{"start":{"line":140,"column":10},"end":{"line":145,"column":3}},"72":{"start":{"line":141,"column":35},"end":{"line":141,"column":65}},"73":{"start":{"line":142,"column":4},"end":{"line":144,"column":5}},"74":{"start":{"line":143,"column":6},"end":{"line":143,"column":39}},"75":{"start":{"line":152,"column":16},"end":{"line":154,"column":3}},"76":{"start":{"line":153,"column":4},"end":{"line":153,"column":84}},"77":{"start":{"line":160,"column":9},"end":{"line":162,"column":3}},"78":{"start":{"line":161,"column":4},"end":{"line":161,"column":35}},"79":{"start":{"line":170,"column":16},"end":{"line":174,"column":3}},"80":{"start":{"line":171,"column":20},"end":{"line":172,"column":73}},"81":{"start":{"line":173,"column":4},"end":{"line":173,"column":39}},"82":{"start":{"line":181,"column":16},"end":{"line":183,"column":3}},"83":{"start":{"line":182,"column":4},"end":{"line":182,"column":61}},"84":{"start":{"line":185,"column":0},"end":{"line":185,"column":1}}},"fnMap":{"0":{"name":"(anonymous_5)","decl":{"start":{"line":25,"column":0},"end":{"line":null,"column":-1}},"loc":{"start":{"line":25,"column":0},"end":{"line":25,"column":-1}}},"1":{"name":"Collection","decl":{"start":{"line":27,"column":2},"end":{"line":27,"column":23}},"loc":{"start":{"line":27,"column":34},"end":{"line":33,"column":3}}},"2":{"name":"(anonymous_7)","decl":{"start":{"line":35,"column":2},"end":{"line":35,"column":21}},"loc":{"start":{"line":35,"column":58},"end":{"line":42,"column":3}}},"3":{"name":"(anonymous_8)","decl":{"start":{"line":38,"column":17},"end":{"line":38,"column":17}},"loc":{"start":{"line":38,"column":44},"end":{"line":40,"column":7}}},"4":{"name":"(anonymous_9)","decl":{"start":{"line":45,"column":2},"end":{"line":45,"column":23}},"loc":{"start":{"line":45,"column":69},"end":{"line":50,"column":3}}},"5":{"name":"(anonymous_10)","decl":{"start":{"line":57,"column":2},"end":{"line":57,"column":29}},"loc":{"start":{"line":57,"column":45},"end":{"line":62,"column":3}}},"6":{"name":"(anonymous_11)","decl":{"start":{"line":64,"column":2},"end":{"line":64,"column":16}},"loc":{"start":{"line":64,"column":62},"end":{"line":74,"column":3}}},"7":{"name":"(anonymous_12)","decl":{"start":{"line":69,"column":22},"end":{"line":69,"column":22}},"loc":{"start":{"line":69,"column":35},"end":{"line":69,"column":62}}},"8":{"name":"(anonymous_13)","decl":{"start":{"line":76,"column":2},"end":{"line":76,"column":17}},"loc":{"start":{"line":76,"column":84},"end":{"line":84,"column":3}}},"9":{"name":"(anonymous_14)","decl":{"start":{"line":86,"column":2},"end":{"line":86,"column":20}},"loc":{"start":{"line":88,"column":66},"end":{"line":99,"column":3}}},"10":{"name":"(anonymous_15)","decl":{"start":{"line":94,"column":22},"end":{"line":94,"column":22}},"loc":{"start":{"line":94,"column":35},"end":{"line":94,"column":62}}},"11":{"name":"(anonymous_16)","decl":{"start":{"line":101,"column":2},"end":{"line":101,"column":22}},"loc":{"start":{"line":105,"column":68},"end":{"line":116,"column":3}}},"12":{"name":"(anonymous_17)","decl":{"start":{"line":111,"column":22},"end":{"line":111,"column":22}},"loc":{"start":{"line":111,"column":35},"end":{"line":111,"column":62}}},"13":{"name":"(anonymous_18)","decl":{"start":{"line":118,"column":2},"end":{"line":null,"column":-1}},"loc":{"start":{"line":118,"column":2},"end":{"line":120,"column":3}}},"14":{"name":"(anonymous_19)","decl":{"start":{"line":122,"column":2},"end":{"line":122,"column":30}},"loc":{"start":{"line":122,"column":44},"end":{"line":138,"column":3}}},"15":{"name":"(anonymous_20)","decl":{"start":{"line":140,"column":2},"end":{"line":null,"column":-1}},"loc":{"start":{"line":140,"column":2},"end":{"line":145,"column":3}}},"16":{"name":"(anonymous_21)","decl":{"start":{"line":152,"column":2},"end":{"line":152,"column":30}},"loc":{"start":{"line":152,"column":46},"end":{"line":154,"column":3}}},"17":{"name":"(anonymous_22)","decl":{"start":{"line":160,"column":2},"end":{"line":null,"column":-1}},"loc":{"start":{"line":160,"column":2},"end":{"line":162,"column":3}}},"18":{"name":"(anonymous_23)","decl":{"start":{"line":170,"column":2},"end":{"line":170,"column":25}},"loc":{"start":{"line":170,"column":63},"end":{"line":174,"column":3}}},"19":{"name":"(anonymous_24)","decl":{"start":{"line":181,"column":2},"end":{"line":181,"column":27}},"loc":{"start":{"line":181,"column":45},"end":{"line":183,"column":3}}}},"branchMap":{"0":{"loc":{"start":{"line":28,"column":4},"end":{"line":28,"column":11}},"type":"binary-expr","locations":[{"start":{"line":28,"column":4},"end":{"line":28,"column":11}},{"start":{"line":28,"column":11},"end":{"line":33,"column":2}}]},"1":{"loc":{"start":{"line":29,"column":4},"end":{"line":31,"column":5}},"type":"if","locations":[{"start":{"line":29,"column":4},"end":{"line":31,"column":5}},{"start":{"line":29,"column":4},"end":{"line":31,"column":5}}]},"2":{"loc":{"start":{"line":64,"column":17},"end":{"line":64,"column":62}},"type":"if","locations":[{"start":{"line":64,"column":17},"end":{"line":64,"column":62}},{"start":{"line":64,"column":17},"end":{"line":64,"column":62}}]},"3":{"loc":{"start":{"line":67,"column":4},"end":{"line":67,"column":17}},"type":"binary-expr","locations":[{"start":{"line":67,"column":4},"end":{"line":67,"column":17}},{"start":{"line":67,"column":21},"end":{"line":67,"column":42}}]},"4":{"loc":{"start":{"line":68,"column":4},"end":{"line":73,"column":5}},"type":"if","locations":[{"start":{"line":68,"column":4},"end":{"line":73,"column":5}},{"start":{"line":68,"column":4},"end":{"line":73,"column":5}}]},"5":{"loc":{"start":{"line":76,"column":39},"end":{"line":76,"column":84}},"type":"if","locations":[{"start":{"line":76,"column":39},"end":{"line":76,"column":84}},{"start":{"line":76,"column":39},"end":{"line":76,"column":84}}]},"6":{"loc":{"start":{"line":80,"column":4},"end":{"line":82,"column":5}},"type":"if","locations":[{"start":{"line":80,"column":4},"end":{"line":82,"column":5}},{"start":{"line":80,"column":4},"end":{"line":82,"column":5}}]},"7":{"loc":{"start":{"line":87,"column":21},"end":{"line":87,"column":41}},"type":"if","locations":[{"start":{"line":87,"column":21},"end":{"line":87,"column":41}},{"start":{"line":87,"column":21},"end":{"line":87,"column":41}}]},"8":{"loc":{"start":{"line":88,"column":21},"end":{"line":88,"column":66}},"type":"if","locations":[{"start":{"line":88,"column":21},"end":{"line":88,"column":66}},{"start":{"line":88,"column":21},"end":{"line":88,"column":66}}]},"9":{"loc":{"start":{"line":91,"column":4},"end":{"line":91,"column":17}},"type":"binary-expr","locations":[{"start":{"line":91,"column":4},"end":{"line":91,"column":17}},{"start":{"line":91,"column":21},"end":{"line":91,"column":42}}]},"10":{"loc":{"start":{"line":92,"column":4},"end":{"line":98,"column":5}},"type":"if","locations":[{"start":{"line":92,"column":4},"end":{"line":98,"column":5}},{"start":{"line":92,"column":4},"end":{"line":98,"column":5}}]},"11":{"loc":{"start":{"line":104,"column":23},"end":{"line":104,"column":45}},"type":"if","locations":[{"start":{"line":104,"column":23},"end":{"line":104,"column":45}},{"start":{"line":104,"column":23},"end":{"line":104,"column":45}}]},"12":{"loc":{"start":{"line":105,"column":23},"end":{"line":105,"column":68}},"type":"if","locations":[{"start":{"line":105,"column":23},"end":{"line":105,"column":68}},{"start":{"line":105,"column":23},"end":{"line":105,"column":68}}]},"13":{"loc":{"start":{"line":108,"column":4},"end":{"line":108,"column":17}},"type":"binary-expr","locations":[{"start":{"line":108,"column":4},"end":{"line":108,"column":17}},{"start":{"line":108,"column":21},"end":{"line":108,"column":42}}]},"14":{"loc":{"start":{"line":109,"column":4},"end":{"line":115,"column":5}},"type":"if","locations":[{"start":{"line":109,"column":4},"end":{"line":115,"column":5}},{"start":{"line":109,"column":4},"end":{"line":115,"column":5}}]}},"s":{"0":1,"1":1,"2":3,"3":3,"4":3,"5":2,"6":3,"7":1,"8":3,"9":3,"10":3,"11":3,"12":1,"13":3,"14":3,"15":9,"16":1,"17":2,"18":2,"19":2,"20":1,"21":0,"22":0,"23":0,"24":0,"25":0,"26":0,"27":0,"28":0,"29":0,"30":1,"31":1,"32":1,"33":1,"34":1,"35":1,"36":1,"37":1,"38":1,"39":4,"40":4,"41":2,"42":2,"43":2,"44":0,"45":0,"46":0,"47":0,"48":2,"49":1,"50":0,"51":0,"52":0,"53":0,"54":0,"55":0,"56":0,"57":0,"58":0,"59":0,"60":1,"61":3,"62":1,"63":2,"64":2,"65":2,"66":2,"67":2,"68":2,"69":2,"70":2,"71":1,"72":2,"73":2,"74":2,"75":1,"76":0,"77":1,"78":0,"79":1,"80":0,"81":0,"82":1,"83":0,"84":1},"f":{"0":1,"1":3,"2":3,"3":3,"4":3,"5":2,"6":0,"7":0,"8":1,"9":2,"10":0,"11":0,"12":0,"13":3,"14":2,"15":2,"16":0,"17":0,"18":0,"19":0},"b":{"0":[3,3],"1":[2,1],"2":[0,0],"3":[0,0],"4":[0,0],"5":[0,1],"6":[1,0],"7":[2,0],"8":[2,0],"9":[2,2],"10":[0,2],"11":[0,0],"12":[0,0],"13":[0,0],"14":[0,0]}}
,"C:\\Users\\yagol\\Documents\\projects\\metaphasejs\\src\\orm\\column.ts": {"path":"C:\\Users\\yagol\\Documents\\projects\\metaphasejs\\src\\orm\\column.ts","statementMap":{"0":{"start":{"line":10,"column":0},"end":{"line":16,"column":1}},"1":{"start":{"line":11,"column":2},"end":{"line":11,"column":21}},"2":{"start":{"line":12,"column":2},"end":{"line":12,"column":22}},"3":{"start":{"line":13,"column":2},"end":{"line":13,"column":28}},"4":{"start":{"line":14,"column":2},"end":{"line":14,"column":23}},"5":{"start":{"line":15,"column":2},"end":{"line":15,"column":24}},"6":{"start":{"line":30,"column":0},"end":{"line":152,"column":0}},"7":{"start":{"line":46,"column":4},"end":{"line":46,"column":8}},"8":{"start":{"line":47,"column":4},"end":{"line":47,"column":8}},"9":{"start":{"line":48,"column":4},"end":{"line":48,"column":10}},"10":{"start":{"line":49,"column":4},"end":{"line":49,"column":14}},"11":{"start":{"line":50,"column":4},"end":{"line":50,"column":16}},"12":{"start":{"line":51,"column":4},"end":{"line":51,"column":10}},"13":{"start":{"line":52,"column":4},"end":{"line":52,"column":16}},"14":{"start":{"line":53,"column":4},"end":{"line":53,"column":15}},"15":{"start":{"line":54,"column":4},"end":{"line":54,"column":9}},"16":{"start":{"line":56,"column":4},"end":{"line":56,"column":20}},"17":{"start":{"line":57,"column":4},"end":{"line":57,"column":24}},"18":{"start":{"line":58,"column":4},"end":{"line":58,"column":32}},"19":{"start":{"line":59,"column":4},"end":{"line":59,"column":36}},"20":{"start":{"line":60,"column":4},"end":{"line":60,"column":24}},"21":{"start":{"line":61,"column":4},"end":{"line":61,"column":36}},"22":{"start":{"line":62,"column":4},"end":{"line":62,"column":20}},"23":{"start":{"line":63,"column":4},"end":{"line":63,"column":34}},"24":{"start":{"line":64,"column":4},"end":{"line":64,"column":22}},"25":{"start":{"line":76,"column":9},"end":{"line":91,"column":3}},"26":{"start":{"line":77,"column":4},"end":{"line":79,"column":5}},"27":{"start":{"line":78,"column":6},"end":{"line":78,"column":44}},"28":{"start":{"line":81,"column":4},"end":{"line":83,"column":5}},"29":{"start":{"line":82,"column":6},"end":{"line":82,"column":52}},"30":{"start":{"line":85,"column":4},"end":{"line":90,"column":37}},"31":{"start":{"line":97,"column":9},"end":{"line":121,"column":3}},"32":{"start":{"line":99,"column":20},"end":{"line":99,"column":31}},"33":{"start":{"line":100,"column":20},"end":{"line":100,"column":29}},"34":{"start":{"line":101,"column":20},"end":{"line":101,"column":29}},"35":{"start":{"line":103,"column":4},"end":{"line":103,"column":92}},"36":{"start":{"line":105,"column":4},"end":{"line":107,"column":5}},"37":{"start":{"line":106,"column":6},"end":{"line":106,"column":53}},"38":{"start":{"line":108,"column":4},"end":{"line":110,"column":5}},"39":{"start":{"line":109,"column":6},"end":{"line":109,"column":39}},"40":{"start":{"line":111,"column":4},"end":{"line":113,"column":5}},"41":{"start":{"line":112,"column":6},"end":{"line":112,"column":55}},"42":{"start":{"line":114,"column":4},"end":{"line":116,"column":5}},"43":{"start":{"line":115,"column":6},"end":{"line":115,"column":80}},"44":{"start":{"line":117,"column":4},"end":{"line":119,"column":5}},"45":{"start":{"line":118,"column":6},"end":{"line":118,"column":69}},"46":{"start":{"line":120,"column":4},"end":{"line":120,"column":56}},"47":{"start":{"line":123,"column":17},"end":{"line":134,"column":3}},"48":{"start":{"line":129,"column":4},"end":{"line":133,"column":5}},"49":{"start":{"line":130,"column":6},"end":{"line":130,"column":31}},"50":{"start":{"line":132,"column":6},"end":{"line":132,"column":52}},"51":{"start":{"line":136,"column":17},"end":{"line":147,"column":3}},"52":{"start":{"line":142,"column":4},"end":{"line":146,"column":5}},"53":{"start":{"line":143,"column":6},"end":{"line":143,"column":30}},"54":{"start":{"line":145,"column":6},"end":{"line":145,"column":51}},"55":{"start":{"line":149,"column":9},"end":{"line":151,"column":3}},"56":{"start":{"line":150,"column":4},"end":{"line":150,"column":35}},"57":{"start":{"line":152,"column":0},"end":{"line":152,"column":1}}},"fnMap":{"0":{"name":"(anonymous_0)","decl":{"start":{"line":10,"column":0},"end":{"line":10,"column":17}},"loc":{"start":{"line":10,"column":30},"end":{"line":16,"column":1}}},"1":{"name":"(anonymous_1)","decl":{"start":{"line":30,"column":0},"end":{"line":null,"column":-1}},"loc":{"start":{"line":30,"column":0},"end":{"line":30,"column":-1}}},"2":{"name":"Column","decl":{"start":{"line":45,"column":2},"end":{"line":45,"column":13}},"loc":{"start":{"line":55,"column":12},"end":{"line":65,"column":3}}},"3":{"name":"(anonymous_3)","decl":{"start":{"line":76,"column":2},"end":{"line":76,"column":30}},"loc":{"start":{"line":76,"column":50},"end":{"line":91,"column":3}}},"4":{"name":"(anonymous_4)","decl":{"start":{"line":97,"column":2},"end":{"line":97,"column":21}},"loc":{"start":{"line":97,"column":41},"end":{"line":121,"column":3}}},"5":{"name":"(anonymous_5)","decl":{"start":{"line":123,"column":2},"end":{"line":124,"column":3}},"loc":{"start":{"line":127,"column":19},"end":{"line":134,"column":3}}},"6":{"name":"(anonymous_6)","decl":{"start":{"line":136,"column":2},"end":{"line":137,"column":3}},"loc":{"start":{"line":140,"column":19},"end":{"line":147,"column":3}}},"7":{"name":"(anonymous_7)","decl":{"start":{"line":149,"column":2},"end":{"line":null,"column":-1}},"loc":{"start":{"line":149,"column":2},"end":{"line":151,"column":3}}}},"branchMap":{"0":{"loc":{"start":{"line":10,"column":18},"end":{"line":10,"column":30}},"type":"binary-expr","locations":[{"start":{"line":10,"column":18},"end":{"line":10,"column":30}},{"start":{"line":10,"column":18},"end":{"line":10,"column":30}}]},"1":{"loc":{"start":{"line":77,"column":4},"end":{"line":79,"column":5}},"type":"if","locations":[{"start":{"line":77,"column":4},"end":{"line":79,"column":5}},{"start":{"line":77,"column":4},"end":{"line":79,"column":5}}]},"2":{"loc":{"start":{"line":81,"column":4},"end":{"line":83,"column":5}},"type":"if","locations":[{"start":{"line":81,"column":4},"end":{"line":83,"column":5}},{"start":{"line":81,"column":4},"end":{"line":83,"column":5}}]},"3":{"loc":{"start":{"line":103,"column":4},"end":{"line":103,"column":13}},"type":"binary-expr","locations":[{"start":{"line":103,"column":4},"end":{"line":103,"column":13}},{"start":{"line":103,"column":17},"end":{"line":103,"column":92}}]},"4":{"loc":{"start":{"line":105,"column":4},"end":{"line":107,"column":5}},"type":"if","locations":[{"start":{"line":105,"column":4},"end":{"line":107,"column":5}},{"start":{"line":105,"column":4},"end":{"line":107,"column":5}}]},"5":{"loc":{"start":{"line":105,"column":8},"end":{"line":105,"column":16}},"type":"binary-expr","locations":[{"start":{"line":105,"column":8},"end":{"line":105,"column":16}},{"start":{"line":105,"column":20},"end":{"line":105,"column":28}}]},"6":{"loc":{"start":{"line":106,"column":34},"end":{"line":106,"column":41}},"type":"binary-expr","locations":[{"start":{"line":106,"column":34},"end":{"line":106,"column":41}},{"start":{"line":106,"column":45},"end":{"line":106,"column":52}}]},"7":{"loc":{"start":{"line":108,"column":4},"end":{"line":110,"column":5}},"type":"if","locations":[{"start":{"line":108,"column":4},"end":{"line":110,"column":5}},{"start":{"line":108,"column":4},"end":{"line":110,"column":5}}]},"8":{"loc":{"start":{"line":111,"column":4},"end":{"line":113,"column":5}},"type":"if","locations":[{"start":{"line":111,"column":4},"end":{"line":113,"column":5}},{"start":{"line":111,"column":4},"end":{"line":113,"column":5}}]},"9":{"loc":{"start":{"line":114,"column":4},"end":{"line":116,"column":5}},"type":"if","locations":[{"start":{"line":114,"column":4},"end":{"line":116,"column":5}},{"start":{"line":114,"column":4},"end":{"line":116,"column":5}}]},"10":{"loc":{"start":{"line":117,"column":4},"end":{"line":119,"column":5}},"type":"if","locations":[{"start":{"line":117,"column":4},"end":{"line":119,"column":5}},{"start":{"line":117,"column":4},"end":{"line":119,"column":5}}]},"11":{"loc":{"start":{"line":120,"column":11},"end":{"line":120,"column":20}},"type":"binary-expr","locations":[{"start":{"line":120,"column":11},"end":{"line":120,"column":20}},{"start":{"line":120,"column":24},"end":{"line":120,"column":56}}]},"12":{"loc":{"start":{"line":129,"column":4},"end":{"line":133,"column":5}},"type":"if","locations":[{"start":{"line":129,"column":4},"end":{"line":133,"column":5}},{"start":{"line":129,"column":4},"end":{"line":133,"column":5}}]},"13":{"loc":{"start":{"line":142,"column":4},"end":{"line":146,"column":5}},"type":"if","locations":[{"start":{"line":142,"column":4},"end":{"line":146,"column":5}},{"start":{"line":142,"column":4},"end":{"line":146,"column":5}}]}},"s":{"0":1,"1":1,"2":1,"3":1,"4":1,"5":1,"6":1,"7":9,"8":9,"9":9,"10":9,"11":9,"12":9,"13":9,"14":9,"15":9,"16":9,"17":9,"18":9,"19":9,"20":9,"21":9,"22":9,"23":9,"24":9,"25":1,"26":2,"27":0,"28":2,"29":0,"30":2,"31":1,"32":9,"33":9,"34":9,"35":9,"36":9,"37":0,"38":9,"39":2,"40":9,"41":3,"42":9,"43":1,"44":9,"45":0,"46":9,"47":1,"48":1,"49":0,"50":1,"51":1,"52":0,"53":0,"54":0,"55":1,"56":0,"57":1},"f":{"0":1,"1":1,"2":9,"3":2,"4":9,"5":1,"6":0,"7":0},"b":{"0":[1,1],"1":[0,2],"2":[0,2],"3":[9,0],"4":[0,9],"5":[9,9],"6":[0,0],"7":[2,7],"8":[3,6],"9":[1,8],"10":[0,9],"11":[9,5],"12":[0,1],"13":[0,0]}}
,"C:\\Users\\yagol\\Documents\\projects\\metaphasejs\\src\\orm\\database.ts": {"path":"C:\\Users\\yagol\\Documents\\projects\\metaphasejs\\src\\orm\\database.ts","statementMap":{"0":{"start":{"line":2,"column":12},"end":{"line":2,"column":29}},"1":{"start":{"line":5,"column":18},"end":{"line":5,"column":39}},"2":{"start":{"line":102,"column":16},"end":{"line":102,"column":34}},"3":{"start":{"line":104,"column":0},"end":{"line":106,"column":2}},"4":{"start":{"line":105,"column":2},"end":{"line":105,"column":16}},"5":{"start":{"line":108,"column":0},"end":{"line":112,"column":2}},"6":{"start":{"line":109,"column":22},"end":{"line":109,"column":38}},"7":{"start":{"line":110,"column":2},"end":{"line":110,"column":33}},"8":{"start":{"line":111,"column":2},"end":{"line":111,"column":29}},"9":{"start":{"line":114,"column":0},"end":{"line":117,"column":2}},"10":{"start":{"line":115,"column":2},"end":{"line":115,"column":38}},"11":{"start":{"line":116,"column":2},"end":{"line":116,"column":55}},"12":{"start":{"line":119,"column":0},"end":{"line":126,"column":2}},"13":{"start":{"line":120,"column":22},"end":{"line":120,"column":24}},"14":{"start":{"line":121,"column":2},"end":{"line":123,"column":3}},"15":{"start":{"line":122,"column":4},"end":{"line":122,"column":41}},"16":{"start":{"line":124,"column":2},"end":{"line":124,"column":19}},"17":{"start":{"line":125,"column":2},"end":{"line":125,"column":16}},"18":{"start":{"line":128,"column":0},"end":{"line":131,"column":2}},"19":{"start":{"line":129,"column":17},"end":{"line":129,"column":103}},"20":{"start":{"line":130,"column":2},"end":{"line":130,"column":36}},"21":{"start":{"line":133,"column":0},"end":{"line":138,"column":2}},"22":{"start":{"line":134,"column":15},"end":{"line":134,"column":39}},"23":{"start":{"line":135,"column":17},"end":{"line":135,"column":36}},"24":{"start":{"line":136,"column":2},"end":{"line":136,"column":14}},"25":{"start":{"line":137,"column":2},"end":{"line":137,"column":16}},"26":{"start":{"line":140,"column":0},"end":{"line":142,"column":2}},"27":{"start":{"line":141,"column":2},"end":{"line":141,"column":50}},"28":{"start":{"line":144,"column":0},"end":{"line":146,"column":2}},"29":{"start":{"line":145,"column":2},"end":{"line":145,"column":86}},"30":{"start":{"line":148,"column":0},"end":{"line":151,"column":2}},"31":{"start":{"line":149,"column":17},"end":{"line":149,"column":62}},"32":{"start":{"line":150,"column":2},"end":{"line":150,"column":52}},"33":{"start":{"line":153,"column":30},"end":{"line":180,"column":1}},"34":{"start":{"line":154,"column":2},"end":{"line":179,"column":4}},"35":{"start":{"line":156,"column":6},"end":{"line":158,"column":7}},"36":{"start":{"line":157,"column":8},"end":{"line":157,"column":38}},"37":{"start":{"line":160,"column":4},"end":{"line":174,"column":5}},"38":{"start":{"line":161,"column":21},"end":{"line":161,"column":48}},"39":{"start":{"line":162,"column":25},"end":{"line":162,"column":49}},"40":{"start":{"line":163,"column":6},"end":{"line":163,"column":33}},"41":{"start":{"line":164,"column":6},"end":{"line":168,"column":7}},"42":{"start":{"line":165,"column":8},"end":{"line":165,"column":28}},"43":{"start":{"line":167,"column":8},"end":{"line":167,"column":60}},"44":{"start":{"line":169,"column":6},"end":{"line":169,"column":22}},"45":{"start":{"line":170,"column":24},"end":{"line":170,"column":81}},"46":{"start":{"line":171,"column":6},"end":{"line":171,"column":80}},"47":{"start":{"line":172,"column":6},"end":{"line":172,"column":46}},"48":{"start":{"line":173,"column":6},"end":{"line":173,"column":17}},"49":{"start":{"line":177,"column":4},"end":{"line":177,"column":25}},"50":{"start":{"line":178,"column":4},"end":{"line":178,"column":43}},"51":{"start":{"line":182,"column":28},"end":{"line":193,"column":1}},"52":{"start":{"line":183,"column":2},"end":{"line":192,"column":3}},"53":{"start":{"line":184,"column":33},"end":{"line":184,"column":43}},"54":{"start":{"line":185,"column":23},"end":{"line":185,"column":34}},"55":{"start":{"line":186,"column":19},"end":{"line":186,"column":41}},"56":{"start":{"line":187,"column":17},"end":{"line":187,"column":85}},"57":{"start":{"line":188,"column":4},"end":{"line":188,"column":27}},"58":{"start":{"line":190,"column":4},"end":{"line":190,"column":56}},"59":{"start":{"line":191,"column":4},"end":{"line":191,"column":29}},"60":{"start":{"line":195,"column":0},"end":{"line":195,"column":16}}},"fnMap":{"0":{"name":"(anonymous_0)","decl":{"start":{"line":104,"column":27},"end":{"line":104,"column":27}},"loc":{"start":{"line":104,"column":41},"end":{"line":106,"column":1}}},"1":{"name":"(anonymous_1)","decl":{"start":{"line":108,"column":24},"end":{"line":108,"column":24}},"loc":{"start":{"line":108,"column":53},"end":{"line":112,"column":1}}},"2":{"name":"(anonymous_2)","decl":{"start":{"line":114,"column":25},"end":{"line":114,"column":25}},"loc":{"start":{"line":114,"column":54},"end":{"line":117,"column":1}}},"3":{"name":"(anonymous_3)","decl":{"start":{"line":119,"column":26},"end":{"line":119,"column":26}},"loc":{"start":{"line":119,"column":41},"end":{"line":126,"column":1}}},"4":{"name":"(anonymous_4)","decl":{"start":{"line":128,"column":24},"end":{"line":128,"column":24}},"loc":{"start":{"line":128,"column":42},"end":{"line":131,"column":1}}},"5":{"name":"(anonymous_5)","decl":{"start":{"line":133,"column":28},"end":{"line":133,"column":28}},"loc":{"start":{"line":133,"column":49},"end":{"line":138,"column":1}}},"6":{"name":"(anonymous_6)","decl":{"start":{"line":140,"column":30},"end":{"line":null,"column":-1}},"loc":{"start":{"line":140,"column":30},"end":{"line":142,"column":1}}},"7":{"name":"(anonymous_7)","decl":{"start":{"line":144,"column":25},"end":{"line":null,"column":-1}},"loc":{"start":{"line":144,"column":25},"end":{"line":146,"column":1}}},"8":{"name":"(anonymous_8)","decl":{"start":{"line":148,"column":39},"end":{"line":null,"column":-1}},"loc":{"start":{"line":148,"column":39},"end":{"line":151,"column":1}}},"9":{"name":"(anonymous_9)","decl":{"start":{"line":153,"column":30},"end":{"line":153,"column":30}},"loc":{"start":{"line":153,"column":71},"end":{"line":180,"column":1}}},"10":{"name":"(anonymous_10)","decl":{"start":{"line":155,"column":10},"end":{"line":155,"column":10}},"loc":{"start":{"line":155,"column":24},"end":{"line":159,"column":5}}},"11":{"name":"(anonymous_11)","decl":{"start":{"line":159,"column":12},"end":{"line":159,"column":12}},"loc":{"start":{"line":159,"column":29},"end":{"line":175,"column":3}}},"12":{"name":"(anonymous_12)","decl":{"start":{"line":176,"column":9},"end":{"line":176,"column":9}},"loc":{"start":{"line":176,"column":22},"end":{"line":179,"column":3}}},"13":{"name":"(anonymous_13)","decl":{"start":{"line":182,"column":28},"end":{"line":182,"column":28}},"loc":{"start":{"line":182,"column":49},"end":{"line":193,"column":1}}}},"branchMap":{"0":{"loc":{"start":{"line":130,"column":9},"end":{"line":130,"column":15}},"type":"binary-expr","locations":[{"start":{"line":130,"column":9},"end":{"line":130,"column":15}},{"start":{"line":130,"column":19},"end":{"line":130,"column":36}}]},"1":{"loc":{"start":{"line":150,"column":9},"end":{"line":150,"column":15}},"type":"binary-expr","locations":[{"start":{"line":150,"column":9},"end":{"line":150,"column":15}},{"start":{"line":150,"column":19},"end":{"line":150,"column":51}}]},"2":{"loc":{"start":{"line":156,"column":6},"end":{"line":158,"column":7}},"type":"if","locations":[{"start":{"line":156,"column":6},"end":{"line":158,"column":7}},{"start":{"line":156,"column":6},"end":{"line":158,"column":7}}]},"3":{"loc":{"start":{"line":160,"column":4},"end":{"line":174,"column":5}},"type":"if","locations":[{"start":{"line":160,"column":4},"end":{"line":174,"column":5}},{"start":{"line":160,"column":4},"end":{"line":174,"column":5}}]}},"s":{"0":1,"1":1,"2":1,"3":1,"4":0,"5":1,"6":3,"7":3,"8":3,"9":1,"10":27,"11":27,"12":1,"13":40,"14":40,"15":30,"16":40,"17":40,"18":1,"19":0,"20":0,"21":1,"22":13,"23":13,"24":13,"25":13,"26":1,"27":0,"28":1,"29":0,"30":1,"31":13,"32":13,"33":1,"34":0,"35":0,"36":0,"37":0,"38":0,"39":0,"40":0,"41":0,"42":0,"43":0,"44":0,"45":0,"46":0,"47":0,"48":0,"49":0,"50":0,"51":1,"52":0,"53":0,"54":0,"55":0,"56":0,"57":0,"58":0,"59":0,"60":1},"f":{"0":0,"1":3,"2":27,"3":40,"4":0,"5":13,"6":0,"7":0,"8":13,"9":0,"10":0,"11":0,"12":0,"13":0},"b":{"0":[0,0],"1":[13,13],"2":[0,0],"3":[0,0]}}
,"C:\\Users\\yagol\\Documents\\projects\\metaphasejs\\src\\orm\\exceptions.ts": {"path":"C:\\Users\\yagol\\Documents\\projects\\metaphasejs\\src\\orm\\exceptions.ts","statementMap":{"0":{"start":{"line":3,"column":0},"end":{"line":3,"column":45}},"1":{"start":{"line":3,"column":40},"end":{"line":3,"column":45}},"2":{"start":{"line":6,"column":4},"end":{"line":6,"column":11}},"3":{"start":{"line":5,"column":21},"end":{"line":5,"column":33}},"4":{"start":{"line":5,"column":42},"end":{"line":5,"column":61}},"5":{"start":{"line":8,"column":4},"end":{"line":12,"column":5}},"6":{"start":{"line":9,"column":6},"end":{"line":9,"column":65}},"7":{"start":{"line":11,"column":6},"end":{"line":11,"column":55}},"8":{"start":{"line":13,"column":16},"end":{"line":14,"column":73}},"9":{"start":{"line":15,"column":4},"end":{"line":15,"column":25}},"10":{"start":{"line":17,"column":0},"end":{"line":17,"column":1}},"11":{"start":{"line":19,"column":0},"end":{"line":19,"column":47}},"12":{"start":{"line":19,"column":42},"end":{"line":19,"column":47}},"13":{"start":{"line":21,"column":4},"end":{"line":21,"column":11}},"14":{"start":{"line":22,"column":16},"end":{"line":22,"column":94}},"15":{"start":{"line":23,"column":4},"end":{"line":23,"column":25}},"16":{"start":{"line":25,"column":0},"end":{"line":25,"column":1}},"17":{"start":{"line":27,"column":0},"end":{"line":27,"column":44}},"18":{"start":{"line":27,"column":39},"end":{"line":27,"column":44}},"19":{"start":{"line":29,"column":4},"end":{"line":29,"column":11}},"20":{"start":{"line":30,"column":16},"end":{"line":30,"column":60}},"21":{"start":{"line":31,"column":4},"end":{"line":31,"column":25}},"22":{"start":{"line":33,"column":0},"end":{"line":33,"column":1}}},"fnMap":{"0":{"name":"(anonymous_5)","decl":{"start":{"line":3,"column":0},"end":{"line":null,"column":-1}},"loc":{"start":{"line":3,"column":0},"end":{"line":3,"column":-1}}},"1":{"name":"NotSavedModelError","decl":{"start":{"line":5,"column":2},"end":{"line":5,"column":20}},"loc":{"start":{"line":5,"column":61},"end":{"line":16,"column":3}}},"2":{"name":"(anonymous_7)","decl":{"start":{"line":19,"column":0},"end":{"line":null,"column":-1}},"loc":{"start":{"line":19,"column":0},"end":{"line":19,"column":-1}}},"3":{"name":"InvalidPropTypeError","decl":{"start":{"line":20,"column":2},"end":{"line":20,"column":13}},"loc":{"start":{"line":20,"column":29},"end":{"line":24,"column":3}}},"4":{"name":"(anonymous_9)","decl":{"start":{"line":27,"column":0},"end":{"line":null,"column":-1}},"loc":{"start":{"line":27,"column":0},"end":{"line":27,"column":-1}}},"5":{"name":"InvalidColumnData","decl":{"start":{"line":28,"column":2},"end":{"line":28,"column":13}},"loc":{"start":{"line":28,"column":44},"end":{"line":32,"column":3}}}},"branchMap":{"0":{"loc":{"start":{"line":6,"column":4},"end":{"line":6,"column":11}},"type":"binary-expr","locations":[{"start":{"line":6,"column":4},"end":{"line":6,"column":11}},{"start":{"line":6,"column":11},"end":{"line":16,"column":2}}]},"1":{"loc":{"start":{"line":8,"column":4},"end":{"line":12,"column":5}},"type":"if","locations":[{"start":{"line":8,"column":4},"end":{"line":12,"column":5}},{"start":{"line":8,"column":4},"end":{"line":12,"column":5}}]},"2":{"loc":{"start":{"line":21,"column":4},"end":{"line":21,"column":11}},"type":"binary-expr","locations":[{"start":{"line":21,"column":4},"end":{"line":21,"column":11}},{"start":{"line":21,"column":11},"end":{"line":24,"column":2}}]},"3":{"loc":{"start":{"line":29,"column":4},"end":{"line":29,"column":11}},"type":"binary-expr","locations":[{"start":{"line":29,"column":4},"end":{"line":29,"column":11}},{"start":{"line":29,"column":11},"end":{"line":32,"column":2}}]}},"s":{"0":1,"1":1,"2":1,"3":1,"4":1,"5":1,"6":0,"7":1,"8":1,"9":1,"10":1,"11":1,"12":1,"13":0,"14":0,"15":0,"16":1,"17":1,"18":1,"19":0,"20":0,"21":0,"22":1},"f":{"0":1,"1":1,"2":1,"3":0,"4":1,"5":0},"b":{"0":[1,0],"1":[0,1],"2":[0,0],"3":[0,0]}}
,"C:\\Users\\yagol\\Documents\\projects\\metaphasejs\\src\\orm\\model.ts": {"path":"C:\\Users\\yagol\\Documents\\projects\\metaphasejs\\src\\orm\\model.ts","statementMap":{"0":{"start":{"line":6,"column":0},"end":{"line":6,"column":40}},"1":{"start":{"line":6,"column":36},"end":{"line":6,"column":40}},"2":{"start":{"line":11,"column":4},"end":{"line":11,"column":11}},"3":{"start":{"line":12,"column":4},"end":{"line":12,"column":31}},"4":{"start":{"line":21,"column":16},"end":{"line":23,"column":3}},"5":{"start":{"line":22,"column":4},"end":{"line":22,"column":32}},"6":{"start":{"line":25,"column":9},"end":{"line":27,"column":3}},"7":{"start":{"line":26,"column":4},"end":{"line":26,"column":33}},"8":{"start":{"line":29,"column":10},"end":{"line":31,"column":3}},"9":{"start":{"line":30,"column":4},"end":{"line":30,"column":55}},"10":{"start":{"line":34,"column":9},"end":{"line":44,"column":3}},"11":{"start":{"line":35,"column":4},"end":{"line":37,"column":5}},"12":{"start":{"line":36,"column":6},"end":{"line":36,"column":58}},"13":{"start":{"line":38,"column":4},"end":{"line":40,"column":5}},"14":{"start":{"line":39,"column":6},"end":{"line":39,"column":48}},"15":{"start":{"line":41,"column":30},"end":{"line":41,"column":61}},"16":{"start":{"line":42,"column":4},"end":{"line":42,"column":39}},"17":{"start":{"line":43,"column":4},"end":{"line":43,"column":16}},"18":{"start":{"line":49,"column":9},"end":{"line":58,"column":3}},"19":{"start":{"line":50,"column":4},"end":{"line":52,"column":5}},"20":{"start":{"line":51,"column":6},"end":{"line":51,"column":48}},"21":{"start":{"line":53,"column":25},"end":{"line":53,"column":52}},"22":{"start":{"line":54,"column":25},"end":{"line":54,"column":66}},"23":{"start":{"line":55,"column":23},"end":{"line":55,"column":41}},"24":{"start":{"line":56,"column":35},"end":{"line":56,"column":84}},"25":{"start":{"line":57,"column":4},"end":{"line":57,"column":64}},"26":{"start":{"line":57,"column":37},"end":{"line":57,"column":61}},"27":{"start":{"line":66,"column":9},"end":{"line":80,"column":3}},"28":{"start":{"line":67,"column":4},"end":{"line":69,"column":5}},"29":{"start":{"line":68,"column":6},"end":{"line":68,"column":48}},"30":{"start":{"line":70,"column":23},"end":{"line":70,"column":50}},"31":{"start":{"line":71,"column":31},"end":{"line":71,"column":61}},"32":{"start":{"line":72,"column":4},"end":{"line":79,"column":5}},"33":{"start":{"line":73,"column":37},"end":{"line":73,"column":95}},"34":{"start":{"line":74,"column":6},"end":{"line":74,"column":66}},"35":{"start":{"line":74,"column":39},"end":{"line":74,"column":63}},"36":{"start":{"line":76,"column":6},"end":{"line":76,"column":93}},"37":{"start":{"line":77,"column":6},"end":{"line":77,"column":31}},"38":{"start":{"line":78,"column":6},"end":{"line":78,"column":16}},"39":{"start":{"line":85,"column":9},"end":{"line":98,"column":3}},"40":{"start":{"line":86,"column":4},"end":{"line":97,"column":5}},"41":{"start":{"line":87,"column":27},"end":{"line":87,"column":41}},"42":{"start":{"line":88,"column":6},"end":{"line":96,"column":7}},"43":{"start":{"line":89,"column":28},"end":{"line":89,"column":61}},"44":{"start":{"line":90,"column":28},"end":{"line":90,"column":65}},"45":{"start":{"line":91,"column":8},"end":{"line":91,"column":31}},"46":{"start":{"line":92,"column":8},"end":{"line":95,"column":9}},"47":{"start":{"line":93,"column":10},"end":{"line":93,"column":49}},"48":{"start":{"line":94,"column":10},"end":{"line":94,"column":42}},"49":{"start":{"line":110,"column":16},"end":{"line":120,"column":3}},"50":{"start":{"line":111,"column":4},"end":{"line":118,"column":7}},"51":{"start":{"line":112,"column":6},"end":{"line":117,"column":7}},"52":{"start":{"line":113,"column":8},"end":{"line":113,"column":94}},"53":{"start":{"line":115,"column":8},"end":{"line":115,"column":33}},"54":{"start":{"line":116,"column":8},"end":{"line":116,"column":24}},"55":{"start":{"line":119,"column":4},"end":{"line":119,"column":17}},"56":{"start":{"line":122,"column":9},"end":{"line":124,"column":3}},"57":{"start":{"line":123,"column":4},"end":{"line":123,"column":38}},"58":{"start":{"line":176,"column":0},"end":{"line":176,"column":1}}},"fnMap":{"0":{"name":"(anonymous_5)","decl":{"start":{"line":6,"column":0},"end":{"line":null,"column":-1}},"loc":{"start":{"line":6,"column":0},"end":{"line":6,"column":-1}}},"1":{"name":"Model","decl":{"start":{"line":10,"column":2},"end":{"line":10,"column":13}},"loc":{"start":{"line":10,"column":32},"end":{"line":13,"column":3}}},"2":{"name":"(anonymous_7)","decl":{"start":{"line":21,"column":2},"end":{"line":21,"column":22}},"loc":{"start":{"line":21,"column":52},"end":{"line":23,"column":3}}},"3":{"name":"(anonymous_8)","decl":{"start":{"line":25,"column":2},"end":{"line":null,"column":-1}},"loc":{"start":{"line":25,"column":2},"end":{"line":27,"column":3}}},"4":{"name":"(anonymous_9)","decl":{"start":{"line":29,"column":2},"end":{"line":null,"column":-1}},"loc":{"start":{"line":29,"column":2},"end":{"line":31,"column":3}}},"5":{"name":"(anonymous_10)","decl":{"start":{"line":34,"column":2},"end":{"line":34,"column":18}},"loc":{"start":{"line":34,"column":31},"end":{"line":44,"column":3}}},"6":{"name":"(anonymous_11)","decl":{"start":{"line":49,"column":2},"end":{"line":49,"column":18}},"loc":{"start":{"line":49,"column":37},"end":{"line":58,"column":3}}},"7":{"name":"(anonymous_12)","decl":{"start":{"line":57,"column":30},"end":{"line":57,"column":29}},"loc":{"start":{"line":57,"column":33},"end":{"line":57,"column":61}}},"8":{"name":"(anonymous_13)","decl":{"start":{"line":66,"column":2},"end":{"line":66,"column":20}},"loc":{"start":{"line":66,"column":39},"end":{"line":80,"column":3}}},"9":{"name":"(anonymous_14)","decl":{"start":{"line":74,"column":32},"end":{"line":74,"column":31}},"loc":{"start":{"line":74,"column":35},"end":{"line":74,"column":63}}},"10":{"name":"(anonymous_15)","decl":{"start":{"line":85,"column":2},"end":{"line":null,"column":-1}},"loc":{"start":{"line":85,"column":2},"end":{"line":98,"column":3}}},"11":{"name":"(anonymous_16)","decl":{"start":{"line":110,"column":2},"end":{"line":110,"column":33}},"loc":{"start":{"line":110,"column":44},"end":{"line":120,"column":3}}},"12":{"name":"(anonymous_17)","decl":{"start":{"line":111,"column":51},"end":{"line":111,"column":51}},"loc":{"start":{"line":111,"column":71},"end":{"line":118,"column":5}}},"13":{"name":"(anonymous_18)","decl":{"start":{"line":122,"column":2},"end":{"line":null,"column":-1}},"loc":{"start":{"line":122,"column":2},"end":{"line":124,"column":3}}}},"branchMap":{"0":{"loc":{"start":{"line":11,"column":4},"end":{"line":11,"column":11}},"type":"binary-expr","locations":[{"start":{"line":11,"column":4},"end":{"line":11,"column":11}},{"start":{"line":11,"column":11},"end":{"line":13,"column":2}}]},"1":{"loc":{"start":{"line":35,"column":4},"end":{"line":37,"column":5}},"type":"if","locations":[{"start":{"line":35,"column":4},"end":{"line":37,"column":5}},{"start":{"line":35,"column":4},"end":{"line":37,"column":5}}]},"2":{"loc":{"start":{"line":38,"column":4},"end":{"line":40,"column":5}},"type":"if","locations":[{"start":{"line":38,"column":4},"end":{"line":40,"column":5}},{"start":{"line":38,"column":4},"end":{"line":40,"column":5}}]},"3":{"loc":{"start":{"line":50,"column":4},"end":{"line":52,"column":5}},"type":"if","locations":[{"start":{"line":50,"column":4},"end":{"line":52,"column":5}},{"start":{"line":50,"column":4},"end":{"line":52,"column":5}}]},"4":{"loc":{"start":{"line":67,"column":4},"end":{"line":69,"column":5}},"type":"if","locations":[{"start":{"line":67,"column":4},"end":{"line":69,"column":5}},{"start":{"line":67,"column":4},"end":{"line":69,"column":5}}]},"5":{"loc":{"start":{"line":86,"column":4},"end":{"line":97,"column":5}},"type":"if","locations":[{"start":{"line":86,"column":4},"end":{"line":97,"column":5}},{"start":{"line":86,"column":4},"end":{"line":97,"column":5}}]},"6":{"loc":{"start":{"line":111,"column":4},"end":{"line":111,"column":23}},"type":"binary-expr","locations":[{"start":{"line":111,"column":4},"end":{"line":111,"column":23}},{"start":{"line":111,"column":27},"end":{"line":118,"column":6}}]}},"s":{"0":1,"1":1,"2":34,"3":34,"4":1,"5":19,"6":1,"7":33,"8":1,"9":17,"10":1,"11":7,"12":0,"13":7,"14":1,"15":6,"16":6,"17":6,"18":1,"19":1,"20":0,"21":1,"22":1,"23":1,"24":1,"25":1,"26":1,"27":1,"28":10,"29":0,"30":10,"31":10,"32":10,"33":10,"34":10,"35":13,"36":0,"37":0,"38":0,"39":1,"40":10,"41":6,"42":6,"43":6,"44":6,"45":6,"46":6,"47":8,"48":8,"49":1,"50":1,"51":1,"52":1,"53":0,"54":0,"55":1,"56":1,"57":3,"58":1},"f":{"0":1,"1":34,"2":19,"3":33,"4":17,"5":7,"6":1,"7":1,"8":10,"9":13,"10":10,"11":1,"12":1,"13":3},"b":{"0":[34,34],"1":[0,7],"2":[1,6],"3":[0,1],"4":[0,10],"5":[6,4],"6":[1,1]}}
,"C:\\Users\\yagol\\Documents\\projects\\metaphasejs\\src\\orm\\query.builder.ts": {"path":"C:\\Users\\yagol\\Documents\\projects\\metaphasejs\\src\\orm\\query.builder.ts","statementMap":{"0":{"start":{"line":1,"column":13},"end":{"line":1,"column":28}},"1":{"start":{"line":7,"column":0},"end":{"line":18,"column":1}},"2":{"start":{"line":12,"column":2},"end":{"line":17,"column":5}},"3":{"start":{"line":20,"column":0},"end":{"line":33,"column":1}},"4":{"start":{"line":21,"column":19},"end":{"line":21,"column":39}},"5":{"start":{"line":26,"column":2},"end":{"line":31,"column":5}},"6":{"start":{"line":32,"column":2},"end":{"line":32,"column":30}},"7":{"start":{"line":44,"column":0},"end":{"line":46,"column":2}},"8":{"start":{"line":45,"column":2},"end":{"line":45,"column":28}},"9":{"start":{"line":52,"column":0},"end":{"line":54,"column":2}},"10":{"start":{"line":53,"column":2},"end":{"line":53,"column":31}}},"fnMap":{"0":{"name":"(anonymous_0)","decl":{"start":{"line":44,"column":31},"end":{"line":null,"column":-1}},"loc":{"start":{"line":44,"column":31},"end":{"line":46,"column":1}}},"1":{"name":"(anonymous_1)","decl":{"start":{"line":52,"column":34},"end":{"line":null,"column":-1}},"loc":{"start":{"line":52,"column":34},"end":{"line":54,"column":1}}}},"branchMap":{"0":{"loc":{"start":{"line":7,"column":0},"end":{"line":18,"column":1}},"type":"if","locations":[{"start":{"line":7,"column":0},"end":{"line":18,"column":1}},{"start":{"line":7,"column":0},"end":{"line":18,"column":1}}]},"1":{"loc":{"start":{"line":20,"column":0},"end":{"line":33,"column":1}},"type":"if","locations":[{"start":{"line":20,"column":0},"end":{"line":33,"column":1}},{"start":{"line":20,"column":0},"end":{"line":33,"column":1}}]}},"s":{"0":1,"1":1,"2":0,"3":1,"4":1,"5":1,"6":1,"7":1,"8":26,"9":1,"10":0},"f":{"0":26,"1":0},"b":{"0":[0,1],"1":[1,0]}}
,"C:\\Users\\yagol\\Documents\\projects\\metaphasejs\\src\\orm\\types.ts": {"path":"C:\\Users\\yagol\\Documents\\projects\\metaphasejs\\src\\orm\\types.ts","statementMap":{"0":{"start":{"line":1,"column":0},"end":{"line":10,"column":1}},"1":{"start":{"line":2,"column":2},"end":{"line":2,"column":21}},"2":{"start":{"line":3,"column":2},"end":{"line":3,"column":15}},"3":{"start":{"line":4,"column":2},"end":{"line":4,"column":21}},"4":{"start":{"line":5,"column":2},"end":{"line":5,"column":20}},"5":{"start":{"line":6,"column":2},"end":{"line":6,"column":15}},"6":{"start":{"line":7,"column":2},"end":{"line":7,"column":18}},"7":{"start":{"line":8,"column":2},"end":{"line":8,"column":15}},"8":{"start":{"line":9,"column":2},"end":{"line":9,"column":15}}},"fnMap":{"0":{"name":"(anonymous_0)","decl":{"start":{"line":1,"column":0},"end":{"line":1,"column":17}},"loc":{"start":{"line":1,"column":24},"end":{"line":10,"column":1}}}},"branchMap":{"0":{"loc":{"start":{"line":1,"column":18},"end":{"line":1,"column":24}},"type":"binary-expr","locations":[{"start":{"line":1,"column":18},"end":{"line":1,"column":24}},{"start":{"line":1,"column":18},"end":{"line":1,"column":24}}]}},"s":{"0":1,"1":1,"2":1,"3":1,"4":1,"5":1,"6":1,"7":1,"8":1},"f":{"0":1},"b":{"0":[1,1]}}
,"C:\\Users\\yagol\\Documents\\projects\\metaphasejs\\src\\orm\\yago.logger.ts": {"path":"C:\\Users\\yagol\\Documents\\projects\\metaphasejs\\src\\orm\\yago.logger.ts","statementMap":{"0":{"start":{"line":9,"column":34},"end":{"line":9,"column":41}},"1":{"start":{"line":16,"column":31},"end":{"line":21,"column":1}},"2":{"start":{"line":17,"column":2},"end":{"line":17,"column":70}},"3":{"start":{"line":18,"column":16},"end":{"line":18,"column":62}},"4":{"start":{"line":19,"column":18},"end":{"line":19,"column":45}},"5":{"start":{"line":20,"column":2},"end":{"line":20,"column":84}},"6":{"start":{"line":31,"column":13},"end":{"line":31,"column":58}},"7":{"start":{"line":32,"column":20},"end":{"line":32,"column":55}},"8":{"start":{"line":33,"column":2},"end":{"line":38,"column":3}},"9":{"start":{"line":34,"column":4},"end":{"line":34,"column":60}},"10":{"start":{"line":37,"column":4},"end":{"line":37,"column":47}},"11":{"start":{"line":42,"column":18},"end":{"line":42,"column":43}},"12":{"start":{"line":43,"column":0},"end":{"line":43,"column":47}},"13":{"start":{"line":51,"column":2},"end":{"line":51,"column":25}},"14":{"start":{"line":52,"column":2},"end":{"line":52,"column":27}},"15":{"start":{"line":53,"column":2},"end":{"line":53,"column":26}},"16":{"start":{"line":56,"column":0},"end":{"line":58,"column":1}},"17":{"start":{"line":57,"column":2},"end":{"line":57,"column":19}},"18":{"start":{"line":65,"column":26},"end":{"line":69,"column":1}},"19":{"start":{"line":79,"column":2},"end":{"line":88,"column":3}},"20":{"start":{"line":80,"column":19},"end":{"line":80,"column":34}},"21":{"start":{"line":81,"column":4},"end":{"line":81,"column":36}},"22":{"start":{"line":83,"column":2},"end":{"line":88,"column":3}},"23":{"start":{"line":84,"column":19},"end":{"line":84,"column":36}},"24":{"start":{"line":85,"column":4},"end":{"line":85,"column":38}},"25":{"start":{"line":87,"column":4},"end":{"line":87,"column":35}},"26":{"start":{"line":97,"column":2},"end":{"line":97,"column":34}}},"fnMap":{"0":{"name":"(anonymous_0)","decl":{"start":{"line":16,"column":31},"end":{"line":16,"column":31}},"loc":{"start":{"line":16,"column":49},"end":{"line":21,"column":1}}},"1":{"name":"updateQueryStringParameter","decl":{"start":{"line":30,"column":6},"end":{"line":30,"column":42}},"loc":{"start":{"line":30,"column":82},"end":{"line":39,"column":1}}},"2":{"name":"disableConsole","decl":{"start":{"line":49,"column":6},"end":{"line":null,"column":-1}},"loc":{"start":{"line":49,"column":6},"end":{"line":54,"column":1}}},"3":{"name":"(anonymous_3)","decl":{"start":{"line":51,"column":16},"end":{"line":51,"column":22}},"loc":{"start":{"line":51,"column":16},"end":{"line":51,"column":24}}},"4":{"name":"(anonymous_4)","decl":{"start":{"line":52,"column":18},"end":{"line":52,"column":24}},"loc":{"start":{"line":52,"column":18},"end":{"line":52,"column":26}}},"5":{"name":"(anonymous_5)","decl":{"start":{"line":53,"column":17},"end":{"line":53,"column":23}},"loc":{"start":{"line":53,"column":17},"end":{"line":53,"column":25}}},"6":{"name":"logQuery","decl":{"start":{"line":78,"column":6},"end":{"line":78,"column":24}},"loc":{"start":{"line":78,"column":73},"end":{"line":89,"column":1}}},"7":{"name":"log","decl":{"start":{"line":96,"column":6},"end":{"line":96,"column":19}},"loc":{"start":{"line":96,"column":47},"end":{"line":98,"column":1}}}},"branchMap":{"0":{"loc":{"start":{"line":20,"column":28},"end":{"line":20,"column":30}},"type":"cond-expr","locations":[{"start":{"line":20,"column":28},"end":{"line":20,"column":30}},{"start":{"line":20,"column":33},"end":{"line":20,"column":83}}]},"1":{"loc":{"start":{"line":32,"column":46},"end":{"line":32,"column":49}},"type":"cond-expr","locations":[{"start":{"line":32,"column":46},"end":{"line":32,"column":49}},{"start":{"line":32,"column":52},"end":{"line":32,"column":55}}]},"2":{"loc":{"start":{"line":33,"column":2},"end":{"line":38,"column":3}},"type":"if","locations":[{"start":{"line":33,"column":2},"end":{"line":38,"column":3}},{"start":{"line":33,"column":2},"end":{"line":38,"column":3}}]},"3":{"loc":{"start":{"line":43,"column":14},"end":{"line":43,"column":25}},"type":"binary-expr","locations":[{"start":{"line":43,"column":14},"end":{"line":43,"column":25}},{"start":{"line":43,"column":29},"end":{"line":43,"column":46}}]},"4":{"loc":{"start":{"line":56,"column":0},"end":{"line":58,"column":1}},"type":"if","locations":[{"start":{"line":56,"column":0},"end":{"line":58,"column":1}},{"start":{"line":56,"column":0},"end":{"line":58,"column":1}}]},"5":{"loc":{"start":{"line":79,"column":2},"end":{"line":88,"column":3}},"type":"if","locations":[{"start":{"line":79,"column":2},"end":{"line":88,"column":3}},{"start":{"line":79,"column":2},"end":{"line":88,"column":3}}]},"6":{"loc":{"start":{"line":83,"column":2},"end":{"line":88,"column":3}},"type":"if","locations":[{"start":{"line":83,"column":2},"end":{"line":88,"column":3}},{"start":{"line":83,"column":2},"end":{"line":88,"column":3}}]}},"s":{"0":1,"1":1,"2":1,"3":1,"4":1,"5":1,"6":0,"7":0,"8":0,"9":0,"10":0,"11":1,"12":1,"13":1,"14":1,"15":1,"16":1,"17":1,"18":1,"19":43,"20":30,"21":30,"22":13,"23":13,"24":13,"25":0,"26":0},"f":{"0":1,"1":0,"2":1,"3":50,"4":2,"5":0,"6":43,"7":0},"b":{"0":[1,0],"1":[0,0],"2":[0,0],"3":[1,1],"4":[1,0],"5":[30,13],"6":[13,0]}}
}
