TN:
SF:C:\Users\yagol\Documents\projects\metaphasejs\src\orm\base.ts
FN:7,(anonymous_0)
FN:11,(anonymous_2)
FN:21,(anonymous_3)
FN:28,(anonymous_4)
FN:33,(anonymous_5)
FN:45,(anonymous_6)
FNF:6
FNH:4
FNDA:38,(anonymous_0)
FNDA:39,(anonymous_2)
FNDA:13,(anonymous_3)
FNDA:0,(anonymous_4)
FNDA:13,(anonymous_5)
FNDA:0,(anonymous_6)
DA:7,1
DA:11,1
DA:13,39
DA:14,12
DA:16,27
DA:18,39
DA:21,1
DA:22,13
DA:23,13
DA:24,13
DA:25,13
DA:28,1
DA:29,0
DA:30,0
DA:33,1
DA:34,13
DA:36,13
DA:37,0
DA:39,13
DA:41,13
DA:42,13
DA:45,1
DA:46,0
DA:47,0
DA:48,0
DA:49,0
DA:50,0
DA:51,0
DA:54,1
LF:29
LH:20
BRDA:13,0,0,12
BRDA:13,0,1,27
BRDA:22,1,0,13
BRDA:22,1,1,0
BRDA:34,2,0,13
BRDA:34,2,1,7
BRDA:36,3,0,0
BRDA:36,3,1,13
BRDA:41,4,0,13
BRDA:41,4,1,13
BRDA:46,5,0,0
BRDA:46,5,1,0
BRF:12
BRH:8
end_of_record
TN:
SF:C:\Users\yagol\Documents\projects\metaphasejs\src\orm\collection.ts
FN:25,(anonymous_5)
FN:27,Collection
FN:35,(anonymous_7)
FN:38,(anonymous_8)
FN:45,(anonymous_9)
FN:57,(anonymous_10)
FN:64,(anonymous_11)
FN:69,(anonymous_12)
FN:76,(anonymous_13)
FN:86,(anonymous_14)
FN:94,(anonymous_15)
FN:101,(anonymous_16)
FN:111,(anonymous_17)
FN:118,(anonymous_18)
FN:122,(anonymous_19)
FN:140,(anonymous_20)
FN:152,(anonymous_21)
FN:160,(anonymous_22)
FN:170,(anonymous_23)
FN:181,(anonymous_24)
FNF:20
FNH:11
FNDA:1,(anonymous_5)
FNDA:3,Collection
FNDA:3,(anonymous_7)
FNDA:3,(anonymous_8)
FNDA:3,(anonymous_9)
FNDA:2,(anonymous_10)
FNDA:0,(anonymous_11)
FNDA:0,(anonymous_12)
FNDA:1,(anonymous_13)
FNDA:2,(anonymous_14)
FNDA:0,(anonymous_15)
FNDA:0,(anonymous_16)
FNDA:0,(anonymous_17)
FNDA:3,(anonymous_18)
FNDA:2,(anonymous_19)
FNDA:2,(anonymous_20)
FNDA:0,(anonymous_21)
FNDA:0,(anonymous_22)
FNDA:0,(anonymous_23)
FNDA:0,(anonymous_24)
DA:25,1
DA:27,3
DA:28,3
DA:29,3
DA:30,2
DA:32,3
DA:35,3
DA:36,3
DA:39,3
DA:41,3
DA:45,1
DA:46,3
DA:47,3
DA:48,9
DA:57,1
DA:58,2
DA:59,2
DA:61,2
DA:64,1
DA:65,0
DA:66,0
DA:67,0
DA:68,0
DA:69,0
DA:70,0
DA:72,0
DA:76,1
DA:77,1
DA:78,1
DA:79,1
DA:80,1
DA:81,1
DA:83,1
DA:86,1
DA:87,4
DA:88,4
DA:90,2
DA:91,2
DA:92,2
DA:93,0
DA:94,0
DA:95,0
DA:97,2
DA:101,1
DA:104,0
DA:105,0
DA:107,0
DA:108,0
DA:109,0
DA:110,0
DA:111,0
DA:112,0
DA:114,0
DA:118,1
DA:119,3
DA:122,1
DA:123,2
DA:124,2
DA:125,2
DA:132,2
DA:134,2
DA:135,2
DA:136,2
DA:137,2
DA:140,1
DA:141,2
DA:142,2
DA:143,2
DA:152,1
DA:153,0
DA:160,1
DA:161,0
DA:170,1
DA:171,0
DA:173,0
DA:181,1
DA:182,0
DA:185,1
LF:78
LH:54
BRDA:28,0,0,3
BRDA:28,0,1,3
BRDA:29,1,0,2
BRDA:29,1,1,1
BRDA:64,2,0,0
BRDA:64,2,1,0
BRDA:67,3,0,0
BRDA:67,3,1,0
BRDA:68,4,0,0
BRDA:68,4,1,0
BRDA:76,5,0,0
BRDA:76,5,1,1
BRDA:80,6,0,1
BRDA:80,6,1,0
BRDA:87,7,0,2
BRDA:87,7,1,0
BRDA:88,8,0,2
BRDA:88,8,1,0
BRDA:91,9,0,2
BRDA:91,9,1,2
BRDA:92,10,0,0
BRDA:92,10,1,2
BRDA:104,11,0,0
BRDA:104,11,1,0
BRDA:105,12,0,0
BRDA:105,12,1,0
BRDA:108,13,0,0
BRDA:108,13,1,0
BRDA:109,14,0,0
BRDA:109,14,1,0
BRF:30
BRH:11
end_of_record
TN:
SF:C:\Users\yagol\Documents\projects\metaphasejs\src\orm\column.ts
FN:10,(anonymous_0)
FN:30,(anonymous_1)
FN:45,Column
FN:76,(anonymous_3)
FN:97,(anonymous_4)
FN:123,(anonymous_5)
FN:136,(anonymous_6)
FN:149,(anonymous_7)
FNF:8
FNH:6
FNDA:1,(anonymous_0)
FNDA:1,(anonymous_1)
FNDA:9,Column
FNDA:2,(anonymous_3)
FNDA:9,(anonymous_4)
FNDA:1,(anonymous_5)
FNDA:0,(anonymous_6)
FNDA:0,(anonymous_7)
DA:10,1
DA:11,1
DA:12,1
DA:13,1
DA:14,1
DA:15,1
DA:30,1
DA:46,9
DA:47,9
DA:48,9
DA:49,9
DA:50,9
DA:51,9
DA:52,9
DA:53,9
DA:54,9
DA:56,9
DA:57,9
DA:58,9
DA:59,9
DA:60,9
DA:61,9
DA:62,9
DA:63,9
DA:64,9
DA:76,1
DA:77,2
DA:78,0
DA:81,2
DA:82,0
DA:85,2
DA:97,1
DA:99,9
DA:100,9
DA:101,9
DA:103,9
DA:105,9
DA:106,0
DA:108,9
DA:109,2
DA:111,9
DA:112,3
DA:114,9
DA:115,1
DA:117,9
DA:118,0
DA:120,9
DA:123,1
DA:129,1
DA:130,0
DA:132,1
DA:136,1
DA:142,0
DA:143,0
DA:145,0
DA:149,1
DA:150,0
DA:152,1
LF:58
LH:49
BRDA:10,0,0,1
BRDA:10,0,1,1
BRDA:77,1,0,0
BRDA:77,1,1,2
BRDA:81,2,0,0
BRDA:81,2,1,2
BRDA:103,3,0,9
BRDA:103,3,1,0
BRDA:105,4,0,0
BRDA:105,4,1,9
BRDA:105,5,0,9
BRDA:105,5,1,9
BRDA:106,6,0,0
BRDA:106,6,1,0
BRDA:108,7,0,2
BRDA:108,7,1,7
BRDA:111,8,0,3
BRDA:111,8,1,6
BRDA:114,9,0,1
BRDA:114,9,1,8
BRDA:117,10,0,0
BRDA:117,10,1,9
BRDA:120,11,0,9
BRDA:120,11,1,5
BRDA:129,12,0,0
BRDA:129,12,1,1
BRDA:142,13,0,0
BRDA:142,13,1,0
BRF:28
BRH:18
end_of_record
TN:
SF:C:\Users\yagol\Documents\projects\metaphasejs\src\orm\database.ts
FN:104,(anonymous_0)
FN:108,(anonymous_1)
FN:114,(anonymous_2)
FN:119,(anonymous_3)
FN:128,(anonymous_4)
FN:133,(anonymous_5)
FN:140,(anonymous_6)
FN:144,(anonymous_7)
FN:148,(anonymous_8)
FN:153,(anonymous_9)
FN:155,(anonymous_10)
FN:159,(anonymous_11)
FN:176,(anonymous_12)
FN:182,(anonymous_13)
FNF:14
FNH:5
FNDA:0,(anonymous_0)
FNDA:3,(anonymous_1)
FNDA:27,(anonymous_2)
FNDA:40,(anonymous_3)
FNDA:0,(anonymous_4)
FNDA:13,(anonymous_5)
FNDA:0,(anonymous_6)
FNDA:0,(anonymous_7)
FNDA:13,(anonymous_8)
FNDA:0,(anonymous_9)
FNDA:0,(anonymous_10)
FNDA:0,(anonymous_11)
FNDA:0,(anonymous_12)
FNDA:0,(anonymous_13)
DA:2,1
DA:5,1
DA:102,1
DA:104,1
DA:105,0
DA:108,1
DA:109,3
DA:110,3
DA:111,3
DA:114,1
DA:115,27
DA:116,27
DA:119,1
DA:120,40
DA:121,40
DA:122,30
DA:124,40
DA:125,40
DA:128,1
DA:129,0
DA:130,0
DA:133,1
DA:134,13
DA:135,13
DA:136,13
DA:137,13
DA:140,1
DA:141,0
DA:144,1
DA:145,0
DA:148,1
DA:149,13
DA:150,13
DA:153,1
DA:154,0
DA:156,0
DA:157,0
DA:160,0
DA:161,0
DA:162,0
DA:163,0
DA:164,0
DA:165,0
DA:167,0
DA:169,0
DA:170,0
DA:171,0
DA:172,0
DA:173,0
DA:177,0
DA:178,0
DA:182,1
DA:183,0
DA:184,0
DA:185,0
DA:186,0
DA:187,0
DA:188,0
DA:190,0
DA:191,0
DA:195,1
LF:61
LH:31
BRDA:130,0,0,0
BRDA:130,0,1,0
BRDA:150,1,0,13
BRDA:150,1,1,13
BRDA:156,2,0,0
BRDA:156,2,1,0
BRDA:160,3,0,0
BRDA:160,3,1,0
BRF:8
BRH:2
end_of_record
TN:
SF:C:\Users\yagol\Documents\projects\metaphasejs\src\orm\exceptions.ts
FN:3,(anonymous_5)
FN:5,NotSavedModelError
FN:19,(anonymous_7)
FN:20,InvalidPropTypeError
FN:27,(anonymous_9)
FN:28,InvalidColumnData
FNF:6
FNH:4
FNDA:1,(anonymous_5)
FNDA:1,NotSavedModelError
FNDA:1,(anonymous_7)
FNDA:0,InvalidPropTypeError
FNDA:1,(anonymous_9)
FNDA:0,InvalidColumnData
DA:3,1
DA:5,1
DA:6,1
DA:8,1
DA:9,0
DA:11,1
DA:13,1
DA:15,1
DA:17,1
DA:19,1
DA:21,0
DA:22,0
DA:23,0
DA:25,1
DA:27,1
DA:29,0
DA:30,0
DA:31,0
DA:33,1
LF:19
LH:12
BRDA:6,0,0,1
BRDA:6,0,1,0
BRDA:8,1,0,0
BRDA:8,1,1,1
BRDA:21,2,0,0
BRDA:21,2,1,0
BRDA:29,3,0,0
BRDA:29,3,1,0
BRF:8
BRH:2
end_of_record
TN:
SF:C:\Users\yagol\Documents\projects\metaphasejs\src\orm\model.ts
FN:6,(anonymous_5)
FN:10,Model
FN:21,(anonymous_7)
FN:25,(anonymous_8)
FN:29,(anonymous_9)
FN:34,(anonymous_10)
FN:49,(anonymous_11)
FN:57,(anonymous_12)
FN:66,(anonymous_13)
FN:74,(anonymous_14)
FN:85,(anonymous_15)
FN:110,(anonymous_16)
FN:111,(anonymous_17)
FN:122,(anonymous_18)
FNF:14
FNH:14
FNDA:1,(anonymous_5)
FNDA:34,Model
FNDA:19,(anonymous_7)
FNDA:33,(anonymous_8)
FNDA:17,(anonymous_9)
FNDA:7,(anonymous_10)
FNDA:1,(anonymous_11)
FNDA:1,(anonymous_12)
FNDA:10,(anonymous_13)
FNDA:13,(anonymous_14)
FNDA:10,(anonymous_15)
FNDA:1,(anonymous_16)
FNDA:1,(anonymous_17)
FNDA:3,(anonymous_18)
DA:6,1
DA:11,34
DA:12,34
DA:21,1
DA:22,19
DA:25,1
DA:26,33
DA:29,1
DA:30,17
DA:34,1
DA:35,7
DA:36,0
DA:38,7
DA:39,1
DA:41,6
DA:42,6
DA:43,6
DA:49,1
DA:50,1
DA:51,0
DA:53,1
DA:54,1
DA:55,1
DA:56,1
DA:57,1
DA:66,1
DA:67,10
DA:68,0
DA:70,10
DA:71,10
DA:72,10
DA:73,10
DA:74,13
DA:76,0
DA:77,0
DA:78,0
DA:85,1
DA:86,10
DA:87,6
DA:88,6
DA:89,6
DA:90,6
DA:91,6
DA:92,6
DA:93,8
DA:94,8
DA:110,1
DA:111,1
DA:112,1
DA:113,1
DA:115,0
DA:116,0
DA:119,1
DA:122,1
DA:123,3
DA:176,1
LF:56
LH:48
BRDA:11,0,0,34
BRDA:11,0,1,34
BRDA:35,1,0,0
BRDA:35,1,1,7
BRDA:38,2,0,1
BRDA:38,2,1,6
BRDA:50,3,0,0
BRDA:50,3,1,1
BRDA:67,4,0,0
BRDA:67,4,1,10
BRDA:86,5,0,6
BRDA:86,5,1,4
BRDA:111,6,0,1
BRDA:111,6,1,1
BRF:14
BRH:11
end_of_record
TN:
SF:C:\Users\yagol\Documents\projects\metaphasejs\src\orm\query.builder.ts
FN:44,(anonymous_0)
FN:52,(anonymous_1)
FNF:2
FNH:1
FNDA:26,(anonymous_0)
FNDA:0,(anonymous_1)
DA:1,1
DA:7,1
DA:12,0
DA:20,1
DA:21,1
DA:26,1
DA:32,1
DA:44,1
DA:45,26
DA:52,1
DA:53,0
LF:11
LH:9
BRDA:7,0,0,0
BRDA:7,0,1,1
BRDA:20,1,0,1
BRDA:20,1,1,0
BRF:4
BRH:2
end_of_record
TN:
SF:C:\Users\yagol\Documents\projects\metaphasejs\src\orm\types.ts
FN:1,(anonymous_0)
FNF:1
FNH:1
FNDA:1,(anonymous_0)
DA:1,1
DA:2,1
DA:3,1
DA:4,1
DA:5,1
DA:6,1
DA:7,1
DA:8,1
DA:9,1
LF:9
LH:9
BRDA:1,0,0,1
BRDA:1,0,1,1
BRF:2
BRH:2
end_of_record
TN:
SF:C:\Users\yagol\Documents\projects\metaphasejs\src\orm\yago.logger.ts
FN:16,(anonymous_0)
FN:30,updateQueryStringParameter
FN:49,disableConsole
FN:51,(anonymous_3)
FN:52,(anonymous_4)
FN:53,(anonymous_5)
FN:78,logQuery
FN:96,log
FNF:8
FNH:5
FNDA:1,(anonymous_0)
FNDA:0,updateQueryStringParameter
FNDA:1,disableConsole
FNDA:50,(anonymous_3)
FNDA:2,(anonymous_4)
FNDA:0,(anonymous_5)
FNDA:43,logQuery
FNDA:0,log
DA:9,1
DA:16,1
DA:17,1
DA:18,1
DA:19,1
DA:20,1
DA:31,0
DA:32,0
DA:33,0
DA:34,0
DA:37,0
DA:42,1
DA:43,1
DA:51,1
DA:52,1
DA:53,1
DA:56,1
DA:57,1
DA:65,1
DA:79,43
DA:80,30
DA:81,30
DA:83,13
DA:84,13
DA:85,13
DA:87,0
DA:97,0
LF:27
LH:20
BRDA:20,0,0,1
BRDA:20,0,1,0
BRDA:32,1,0,0
BRDA:32,1,1,0
BRDA:33,2,0,0
BRDA:33,2,1,0
BRDA:43,3,0,1
BRDA:43,3,1,1
BRDA:56,4,0,1
BRDA:56,4,1,0
BRDA:79,5,0,30
BRDA:79,5,1,13
BRDA:83,6,0,13
BRDA:83,6,1,0
BRF:14
BRH:7
end_of_record
