TN:
SF:C:\Users\yagol\Documents\projects\metaphasejs\dist\lib\orm\base.js
FN:6,(anonymous_0)
FN:7,Base
FN:9,(anonymous_2)
FN:19,(anonymous_3)
FN:25,(anonymous_4)
FN:29,(anonymous_5)
FN:41,(anonymous_6)
FNF:7
FNH:7
FNDA:6,(anonymous_0)
FNDA:99,Base
FNDA:130,(anonymous_2)
FNDA:38,(anonymous_3)
FNDA:1,(anonymous_4)
FNDA:39,(anonymous_5)
FNDA:3,(anonymous_6)
DA:2,6
DA:3,6
DA:4,6
DA:5,6
DA:6,6
DA:9,6
DA:11,130
DA:12,54
DA:15,76
DA:17,130
DA:19,6
DA:20,38
DA:21,38
DA:22,36
DA:23,36
DA:25,6
DA:26,1
DA:27,1
DA:29,6
DA:30,39
DA:32,39
DA:33,1
DA:36,38
DA:38,37
DA:39,37
DA:41,6
DA:42,3
DA:43,3
DA:44,3
DA:45,3
DA:46,3
DA:47,3
DA:49,6
DA:51,6
LF:34
LH:34
BRDA:11,0,0,54
BRDA:11,0,1,76
BRDA:20,1,0,38
BRDA:20,1,1,0
BRDA:30,2,0,39
BRDA:30,2,1,23
BRDA:32,3,0,1
BRDA:32,3,1,38
BRDA:38,4,0,37
BRDA:38,4,1,37
BRDA:42,5,0,3
BRDA:42,5,1,2
BRF:12
BRH:11
end_of_record
TN:
SF:C:\Users\yagol\Documents\projects\metaphasejs\dist\lib\orm\collection.js
FN:2,(anonymous_0)
FN:4,(anonymous_1)
FN:5,(anonymous_2)
FN:6,(anonymous_3)
FN:8,__
FN:33,(anonymous_5)
FN:35,Collection
FN:44,(anonymous_7)
FN:47,(anonymous_8)
FN:53,(anonymous_9)
FN:64,(anonymous_10)
FN:70,(anonymous_11)
FN:76,(anonymous_12)
FN:83,(anonymous_13)
FN:93,(anonymous_14)
FN:100,(anonymous_15)
FN:107,(anonymous_16)
FN:114,(anonymous_17)
FN:121,(anonymous_18)
FN:124,(anonymous_19)
FN:141,(anonymous_20)
FN:152,(anonymous_21)
FN:159,(anonymous_22)
FN:168,(anonymous_23)
FN:177,(anonymous_24)
FNF:25
FNH:23
FNDA:6,(anonymous_0)
FNDA:0,(anonymous_1)
FNDA:0,(anonymous_2)
FNDA:6,(anonymous_3)
FNDA:6,__
FNDA:6,(anonymous_5)
FNDA:13,Collection
FNDA:13,(anonymous_7)
FNDA:13,(anonymous_8)
FNDA:13,(anonymous_9)
FNDA:17,(anonymous_10)
FNDA:2,(anonymous_11)
FNDA:3,(anonymous_12)
FNDA:3,(anonymous_13)
FNDA:9,(anonymous_14)
FNDA:1,(anonymous_15)
FNDA:5,(anonymous_16)
FNDA:2,(anonymous_17)
FNDA:13,(anonymous_18)
FNDA:10,(anonymous_19)
FNDA:10,(anonymous_20)
FNDA:5,(anonymous_21)
FNDA:4,(anonymous_22)
FNDA:9,(anonymous_23)
FNDA:1,(anonymous_24)
DA:2,6
DA:3,6
DA:4,0
DA:5,0
DA:6,6
DA:7,6
DA:8,6
DA:9,6
DA:12,6
DA:24,6
DA:25,6
DA:26,6
DA:27,6
DA:28,6
DA:33,6
DA:34,6
DA:36,13
DA:37,13
DA:38,13
DA:39,10
DA:41,13
DA:42,13
DA:44,6
DA:45,13
DA:46,13
DA:48,13
DA:50,13
DA:53,6
DA:54,13
DA:55,13
DA:56,40
DA:64,6
DA:65,17
DA:66,19
DA:68,17
DA:70,6
DA:71,2
DA:72,2
DA:73,2
DA:74,2
DA:75,2
DA:76,3
DA:77,1
DA:80,1
DA:83,6
DA:84,3
DA:85,3
DA:86,3
DA:87,3
DA:88,3
DA:89,1
DA:91,3
DA:93,6
DA:94,9
DA:95,9
DA:96,9
DA:97,9
DA:98,9
DA:99,1
DA:100,1
DA:101,1
DA:104,8
DA:107,6
DA:108,5
DA:109,5
DA:110,5
DA:111,5
DA:112,5
DA:113,2
DA:114,2
DA:115,2
DA:118,3
DA:121,6
DA:122,13
DA:124,6
DA:125,10
DA:126,10
DA:127,10
DA:134,10
DA:136,10
DA:137,10
DA:138,10
DA:139,10
DA:141,6
DA:142,10
DA:143,10
DA:144,10
DA:152,6
DA:153,5
DA:159,6
DA:160,4
DA:168,6
DA:169,9
DA:170,9
DA:177,6
DA:178,1
DA:180,6
DA:182,6
LF:98
LH:96
BRDA:2,0,0,6
BRDA:2,0,1,6
BRDA:2,0,2,6
BRDA:3,1,0,6
BRDA:3,1,1,0
BRDA:3,1,2,0
BRDA:3,1,3,0
BRDA:5,2,0,0
BRDA:5,2,1,0
BRDA:9,3,0,0
BRDA:9,3,1,6
BRDA:36,4,0,13
BRDA:36,4,1,13
BRDA:38,5,0,10
BRDA:38,5,1,3
BRDA:71,6,0,1
BRDA:71,6,1,1
BRDA:75,7,0,1
BRDA:75,7,1,1
BRDA:84,8,0,1
BRDA:84,8,1,2
BRDA:88,9,0,1
BRDA:88,9,1,2
BRDA:94,10,0,6
BRDA:94,10,1,3
BRDA:95,11,0,7
BRDA:95,11,1,2
BRDA:98,12,0,1
BRDA:98,12,1,8
BRDA:108,13,0,1
BRDA:108,13,1,4
BRDA:109,14,0,2
BRDA:109,14,1,3
BRDA:112,15,0,2
BRDA:112,15,1,3
BRF:35
BRH:29
end_of_record
TN:
SF:C:\Users\yagol\Documents\projects\metaphasejs\dist\lib\orm\column.js
FN:8,(anonymous_0)
FN:12,Column
FN:33,(anonymous_2)
FN:51,(anonymous_3)
FN:74,(anonymous_4)
FN:82,(anonymous_5)
FN:90,(anonymous_6)
FNF:7
FNH:5
FNDA:6,(anonymous_0)
FNDA:53,Column
FNDA:7,(anonymous_2)
FNDA:40,(anonymous_3)
FNDA:6,(anonymous_4)
FNDA:0,(anonymous_5)
FNDA:0,(anonymous_6)
DA:6,6
DA:7,6
DA:8,6
DA:13,53
DA:14,53
DA:15,53
DA:16,53
DA:17,53
DA:18,53
DA:19,53
DA:20,53
DA:21,53
DA:22,53
DA:33,6
DA:34,7
DA:35,0
DA:37,7
DA:38,0
DA:40,7
DA:51,6
DA:53,40
DA:54,40
DA:55,40
DA:56,40
DA:57,40
DA:58,0
DA:60,40
DA:61,7
DA:63,40
DA:64,13
DA:66,40
DA:67,6
DA:69,40
DA:70,0
DA:72,40
DA:74,6
DA:75,6
DA:76,0
DA:79,6
DA:82,6
DA:83,0
DA:84,0
DA:87,0
DA:90,6
DA:91,0
DA:93,6
DA:95,6
LF:47
LH:38
BRDA:34,0,0,0
BRDA:34,0,1,7
BRDA:37,1,0,0
BRDA:37,1,1,7
BRDA:56,2,0,40
BRDA:56,2,1,0
BRDA:57,3,0,0
BRDA:57,3,1,40
BRDA:57,4,0,40
BRDA:57,4,1,40
BRDA:58,5,0,0
BRDA:58,5,1,0
BRDA:60,6,0,7
BRDA:60,6,1,33
BRDA:63,7,0,13
BRDA:63,7,1,27
BRDA:66,8,0,6
BRDA:66,8,1,34
BRDA:69,9,0,0
BRDA:69,9,1,40
BRDA:72,10,0,40
BRDA:72,10,1,21
BRDA:75,11,0,0
BRDA:75,11,1,6
BRDA:83,12,0,0
BRDA:83,12,1,0
BRF:26
BRH:16
end_of_record
TN:
SF:C:\Users\yagol\Documents\projects\metaphasejs\dist\lib\orm\database.js
FN:12,(anonymous_0)
FN:15,(anonymous_1)
FN:20,(anonymous_2)
FN:24,(anonymous_3)
FN:32,(anonymous_4)
FN:36,(anonymous_5)
FN:42,(anonymous_6)
FN:45,(anonymous_7)
FN:48,(anonymous_8)
FN:52,(anonymous_9)
FN:54,(anonymous_10)
FN:58,(anonymous_11)
FN:76,(anonymous_12)
FN:81,(anonymous_13)
FNF:14
FNH:6
FNDA:0,(anonymous_0)
FNDA:15,(anonymous_1)
FNDA:91,(anonymous_2)
FNDA:129,(anonymous_3)
FNDA:0,(anonymous_4)
FNDA:38,(anonymous_5)
FNDA:1,(anonymous_6)
FNDA:0,(anonymous_7)
FNDA:37,(anonymous_8)
FNDA:0,(anonymous_9)
FNDA:0,(anonymous_10)
FNDA:0,(anonymous_11)
FNDA:0,(anonymous_12)
FNDA:0,(anonymous_13)
DA:2,6
DA:4,6
DA:5,6
DA:6,6
DA:11,6
DA:12,6
DA:13,0
DA:15,6
DA:16,15
DA:17,15
DA:18,15
DA:20,6
DA:21,91
DA:22,91
DA:24,6
DA:25,129
DA:26,129
DA:27,100
DA:29,127
DA:30,127
DA:32,6
DA:33,0
DA:34,0
DA:36,6
DA:37,38
DA:38,38
DA:39,38
DA:40,38
DA:42,6
DA:43,1
DA:45,6
DA:46,0
DA:48,6
DA:49,37
DA:50,37
DA:52,6
DA:53,0
DA:55,0
DA:56,0
DA:59,0
DA:60,0
DA:61,0
DA:62,0
DA:63,0
DA:64,0
DA:67,0
DA:69,0
DA:70,0
DA:71,0
DA:72,0
DA:73,0
DA:77,0
DA:78,0
DA:81,6
DA:82,0
DA:83,0
DA:84,0
DA:85,0
DA:86,0
DA:87,0
DA:90,0
DA:91,0
DA:94,6
LF:63
LH:34
BRDA:34,0,0,0
BRDA:34,0,1,0
BRDA:50,1,0,37
BRDA:50,1,1,37
BRDA:55,2,0,0
BRDA:55,2,1,0
BRDA:59,3,0,0
BRDA:59,3,1,0
BRF:8
BRH:2
end_of_record
TN:
SF:C:\Users\yagol\Documents\projects\metaphasejs\dist\lib\orm\decorators.js
FN:8,column
FN:9,(anonymous_1)
FN:51,getDBTypeFromPropType
FNF:3
FNH:1
FNDA:0,column
FNDA:0,(anonymous_1)
FNDA:4,getDBTypeFromPropType
DA:2,1
DA:3,1
DA:4,1
DA:5,1
DA:9,0
DA:11,0
DA:12,0
DA:16,0
DA:17,0
DA:20,0
DA:22,0
DA:32,1
DA:52,4
DA:54,4
DA:55,1
DA:57,3
DA:58,1
DA:60,2
DA:61,1
DA:64,1
DA:66,3
DA:68,1
LF:22
LH:15
BRDA:12,0,0,0
BRDA:12,0,1,0
BRDA:16,1,0,0
BRDA:16,1,1,0
BRDA:24,2,0,0
BRDA:24,2,1,0
BRDA:24,2,2,0
BRDA:25,3,0,0
BRDA:25,3,1,0
BRDA:26,4,0,0
BRDA:26,4,1,0
BRDA:27,5,0,0
BRDA:27,5,1,0
BRDA:28,6,0,0
BRDA:28,6,1,0
BRDA:52,7,0,4
BRDA:52,7,1,4
BRDA:54,8,0,1
BRDA:54,8,1,3
BRDA:57,9,0,1
BRDA:57,9,1,2
BRDA:60,10,0,1
BRDA:60,10,1,1
BRF:23
BRH:8
end_of_record
TN:
SF:C:\Users\yagol\Documents\projects\metaphasejs\dist\lib\orm\exceptions.js
FN:2,(anonymous_0)
FN:4,(anonymous_1)
FN:5,(anonymous_2)
FN:6,(anonymous_3)
FN:8,__
FN:13,(anonymous_5)
FN:15,NotSavedModelError
FN:34,(anonymous_7)
FN:36,InvalidPropTypeError
FN:45,(anonymous_9)
FN:47,InvalidColumnData
FNF:11
FNH:8
FNDA:6,(anonymous_0)
FNDA:0,(anonymous_1)
FNDA:0,(anonymous_2)
FNDA:18,(anonymous_3)
FNDA:18,__
FNDA:6,(anonymous_5)
FNDA:1,NotSavedModelError
FNDA:6,(anonymous_7)
FNDA:1,InvalidPropTypeError
FNDA:6,(anonymous_9)
FNDA:0,InvalidColumnData
DA:2,6
DA:3,6
DA:4,0
DA:5,0
DA:6,6
DA:7,18
DA:8,18
DA:9,18
DA:12,6
DA:13,6
DA:14,6
DA:16,1
DA:17,1
DA:18,1
DA:20,1
DA:21,0
DA:24,1
DA:26,1
DA:28,1
DA:29,0
DA:31,6
DA:33,6
DA:34,6
DA:35,6
DA:37,1
DA:38,1
DA:39,1
DA:40,0
DA:42,6
DA:44,6
DA:45,6
DA:46,6
DA:48,0
DA:49,0
DA:50,0
DA:51,0
DA:53,6
DA:55,6
LF:38
LH:29
BRDA:2,0,0,6
BRDA:2,0,1,6
BRDA:2,0,2,6
BRDA:3,1,0,6
BRDA:3,1,1,0
BRDA:3,1,2,0
BRDA:3,1,3,0
BRDA:5,2,0,0
BRDA:5,2,1,0
BRDA:9,3,0,0
BRDA:9,3,1,18
BRDA:16,4,0,1
BRDA:16,4,1,0
BRDA:20,5,0,0
BRDA:20,5,1,1
BRDA:37,6,0,1
BRDA:37,6,1,0
BRDA:48,7,0,0
BRDA:48,7,1,0
BRF:19
BRH:8
end_of_record
TN:
SF:C:\Users\yagol\Documents\projects\metaphasejs\dist\lib\orm\model.js
FN:2,(anonymous_0)
FN:4,(anonymous_1)
FN:5,(anonymous_2)
FN:6,(anonymous_3)
FN:8,__
FN:16,(anonymous_5)
FN:18,Model
FN:29,(anonymous_7)
FN:32,(anonymous_8)
FN:35,(anonymous_9)
FN:39,(anonymous_10)
FN:53,(anonymous_11)
FN:61,(anonymous_12)
FN:69,(anonymous_13)
FN:77,(anonymous_14)
FN:88,(anonymous_15)
FN:112,(anonymous_16)
FN:113,(anonymous_17)
FN:124,(anonymous_18)
FNF:19
FNH:14
FNDA:6,(anonymous_0)
FNDA:0,(anonymous_1)
FNDA:0,(anonymous_2)
FNDA:6,(anonymous_3)
FNDA:6,__
FNDA:6,(anonymous_5)
FNDA:86,Model
FNDA:41,(anonymous_7)
FNDA:75,(anonymous_8)
FNDA:33,(anonymous_9)
FNDA:14,(anonymous_10)
FNDA:1,(anonymous_11)
FNDA:1,(anonymous_12)
FNDA:19,(anonymous_13)
FNDA:18,(anonymous_14)
FNDA:21,(anonymous_15)
FNDA:0,(anonymous_16)
FNDA:0,(anonymous_17)
FNDA:0,(anonymous_18)
DA:2,6
DA:3,6
DA:4,0
DA:5,0
DA:6,6
DA:7,6
DA:8,6
DA:9,6
DA:12,6
DA:13,6
DA:14,6
DA:15,6
DA:16,6
DA:17,6
DA:19,86
DA:20,86
DA:21,86
DA:29,6
DA:30,41
DA:32,6
DA:33,75
DA:35,6
DA:36,33
DA:39,6
DA:40,14
DA:41,0
DA:43,14
DA:44,1
DA:46,13
DA:47,13
DA:48,13
DA:53,6
DA:54,1
DA:55,0
DA:57,1
DA:58,1
DA:59,1
DA:60,1
DA:61,1
DA:69,6
DA:70,19
DA:71,0
DA:73,19
DA:74,19
DA:75,19
DA:76,19
DA:77,19
DA:80,0
DA:81,0
DA:82,0
DA:88,6
DA:89,21
DA:90,15
DA:91,15
DA:92,15
DA:93,15
DA:94,15
DA:95,15
DA:96,13
DA:97,13
DA:112,6
DA:113,0
DA:114,0
DA:115,0
DA:118,0
DA:119,0
DA:122,0
DA:124,6
DA:125,0
DA:127,6
DA:129,6
LF:71
LH:56
BRDA:2,0,0,6
BRDA:2,0,1,6
BRDA:2,0,2,6
BRDA:3,1,0,6
BRDA:3,1,1,0
BRDA:3,1,2,0
BRDA:3,1,3,0
BRDA:5,2,0,0
BRDA:5,2,1,0
BRDA:9,3,0,0
BRDA:9,3,1,6
BRDA:19,4,0,86
BRDA:19,4,1,86
BRDA:40,5,0,0
BRDA:40,5,1,14
BRDA:43,6,0,1
BRDA:43,6,1,13
BRDA:54,7,0,0
BRDA:54,7,1,1
BRDA:70,8,0,0
BRDA:70,8,1,19
BRDA:89,9,0,15
BRDA:89,9,1,6
BRDA:113,10,0,0
BRDA:113,10,1,0
BRF:25
BRH:14
end_of_record
TN:
SF:C:\Users\yagol\Documents\projects\metaphasejs\dist\lib\orm\query.builder.js
FN:41,(anonymous_0)
FN:48,(anonymous_1)
FNF:2
FNH:2
FNDA:76,(anonymous_0)
FNDA:4,(anonymous_1)
DA:2,6
DA:3,6
DA:4,6
DA:6,6
DA:7,6
DA:12,0
DA:19,6
DA:20,6
DA:25,6
DA:31,6
DA:41,6
DA:42,76
DA:48,6
DA:49,4
LF:14
LH:13
BRDA:7,0,0,0
BRDA:7,0,1,6
BRDA:19,1,0,6
BRDA:19,1,1,0
BRF:4
BRH:2
end_of_record
TN:
SF:C:\Users\yagol\Documents\projects\metaphasejs\dist\lib\orm\yago.logger.js
FN:13,(anonymous_0)
FN:26,updateQueryStringParameter
FN:44,disableConsole
FN:46,(anonymous_3)
FN:47,(anonymous_4)
FN:48,(anonymous_5)
FN:71,logQuery
FN:90,log
FNF:8
FNH:6
FNDA:6,(anonymous_0)
FNDA:0,updateQueryStringParameter
FNDA:6,disableConsole
FNDA:189,(anonymous_3)
FNDA:16,(anonymous_4)
FNDA:2,(anonymous_5)
FNDA:149,logQuery
FNDA:0,log
DA:4,6
DA:7,6
DA:13,6
DA:14,6
DA:15,6
DA:16,6
DA:17,6
DA:27,0
DA:28,0
DA:29,0
DA:30,0
DA:33,0
DA:36,6
DA:38,6
DA:39,6
DA:46,6
DA:47,6
DA:48,6
DA:50,6
DA:51,6
DA:52,6
DA:59,6
DA:72,149
DA:73,109
DA:74,109
DA:76,40
DA:77,40
DA:78,40
DA:81,0
DA:84,6
DA:91,0
DA:93,6
LF:32
LH:25
BRDA:17,0,0,6
BRDA:17,0,1,0
BRDA:28,1,0,0
BRDA:28,1,1,0
BRDA:29,2,0,0
BRDA:29,2,1,0
BRDA:39,3,0,6
BRDA:39,3,1,6
BRDA:51,4,0,6
BRDA:51,4,1,0
BRDA:72,5,0,109
BRDA:72,5,1,40
BRDA:76,6,0,40
BRDA:76,6,1,0
BRF:14
BRH:7
end_of_record
TN:
SF:C:\Users\yagol\Documents\projects\metaphasejs\src\orm\base.ts
FN:7,(anonymous_0)
FN:11,(anonymous_2)
FN:21,(anonymous_3)
FN:28,(anonymous_4)
FN:33,(anonymous_5)
FN:45,(anonymous_6)
FNF:6
FNH:6
FNDA:105,(anonymous_0)
FNDA:130,(anonymous_2)
FNDA:38,(anonymous_3)
FNDA:1,(anonymous_4)
FNDA:39,(anonymous_5)
FNDA:3,(anonymous_6)
DA:7,6
DA:11,6
DA:13,130
DA:14,54
DA:16,76
DA:18,130
DA:21,6
DA:22,38
DA:23,38
DA:24,36
DA:25,36
DA:28,6
DA:29,1
DA:30,1
DA:33,6
DA:34,39
DA:36,39
DA:37,1
DA:39,38
DA:41,37
DA:42,37
DA:45,6
DA:46,3
DA:47,3
DA:48,3
DA:49,3
DA:50,3
DA:51,3
DA:54,6
LF:29
LH:29
BRDA:13,0,0,54
BRDA:13,0,1,76
BRDA:22,1,0,38
BRDA:22,1,1,0
BRDA:34,2,0,39
BRDA:34,2,1,23
BRDA:36,3,0,1
BRDA:36,3,1,38
BRDA:41,4,0,37
BRDA:41,4,1,37
BRDA:46,5,0,3
BRDA:46,5,1,2
BRF:12
BRH:11
end_of_record
TN:
SF:C:\Users\yagol\Documents\projects\metaphasejs\src\orm\collection.ts
FN:25,(anonymous_5)
FN:27,Collection
FN:35,(anonymous_7)
FN:38,(anonymous_8)
FN:45,(anonymous_9)
FN:57,(anonymous_10)
FN:64,(anonymous_11)
FN:69,(anonymous_12)
FN:76,(anonymous_13)
FN:86,(anonymous_14)
FN:94,(anonymous_15)
FN:101,(anonymous_16)
FN:111,(anonymous_17)
FN:118,(anonymous_18)
FN:122,(anonymous_19)
FN:140,(anonymous_20)
FN:152,(anonymous_21)
FN:160,(anonymous_22)
FN:170,(anonymous_23)
FN:181,(anonymous_24)
FNF:20
FNH:20
FNDA:6,(anonymous_5)
FNDA:13,Collection
FNDA:13,(anonymous_7)
FNDA:13,(anonymous_8)
FNDA:13,(anonymous_9)
FNDA:17,(anonymous_10)
FNDA:2,(anonymous_11)
FNDA:3,(anonymous_12)
FNDA:3,(anonymous_13)
FNDA:9,(anonymous_14)
FNDA:1,(anonymous_15)
FNDA:5,(anonymous_16)
FNDA:2,(anonymous_17)
FNDA:13,(anonymous_18)
FNDA:10,(anonymous_19)
FNDA:10,(anonymous_20)
FNDA:5,(anonymous_21)
FNDA:4,(anonymous_22)
FNDA:9,(anonymous_23)
FNDA:1,(anonymous_24)
DA:25,6
DA:27,13
DA:28,13
DA:29,13
DA:30,10
DA:32,13
DA:35,13
DA:36,13
DA:39,13
DA:41,13
DA:45,6
DA:46,13
DA:47,13
DA:48,40
DA:57,6
DA:58,17
DA:59,19
DA:61,17
DA:64,6
DA:65,2
DA:66,2
DA:67,2
DA:68,2
DA:69,3
DA:70,1
DA:72,1
DA:76,6
DA:77,3
DA:78,3
DA:79,3
DA:80,3
DA:81,1
DA:83,3
DA:86,6
DA:87,15
DA:88,16
DA:90,9
DA:91,9
DA:92,9
DA:93,1
DA:94,1
DA:95,1
DA:97,8
DA:101,6
DA:104,6
DA:105,7
DA:107,5
DA:108,5
DA:109,5
DA:110,2
DA:111,2
DA:112,2
DA:114,3
DA:118,6
DA:119,13
DA:122,6
DA:123,10
DA:124,10
DA:125,10
DA:132,10
DA:134,10
DA:135,10
DA:136,10
DA:137,10
DA:140,6
DA:141,10
DA:142,10
DA:143,10
DA:152,6
DA:153,5
DA:160,6
DA:161,4
DA:170,6
DA:171,9
DA:173,9
DA:181,6
DA:182,1
DA:185,6
LF:78
LH:78
BRDA:28,0,0,13
BRDA:28,0,1,13
BRDA:29,1,0,10
BRDA:29,1,1,3
BRDA:64,2,0,1
BRDA:64,2,1,1
BRDA:68,3,0,1
BRDA:68,3,1,1
BRDA:76,4,0,1
BRDA:76,4,1,2
BRDA:80,5,0,1
BRDA:80,5,1,2
BRDA:87,6,0,6
BRDA:87,6,1,3
BRDA:88,7,0,7
BRDA:88,7,1,2
BRDA:92,8,0,1
BRDA:92,8,1,8
BRDA:104,9,0,1
BRDA:104,9,1,4
BRDA:105,10,0,2
BRDA:105,10,1,3
BRDA:109,11,0,2
BRDA:109,11,1,3
BRF:24
BRH:24
end_of_record
TN:
SF:C:\Users\yagol\Documents\projects\metaphasejs\src\orm\column.ts
FN:10,(anonymous_0)
FN:30,(anonymous_1)
FN:45,Column
FN:76,(anonymous_3)
FN:97,(anonymous_4)
FN:123,(anonymous_5)
FN:136,(anonymous_6)
FN:149,(anonymous_7)
FNF:8
FNH:6
FNDA:6,(anonymous_0)
FNDA:6,(anonymous_1)
FNDA:53,Column
FNDA:7,(anonymous_3)
FNDA:40,(anonymous_4)
FNDA:6,(anonymous_5)
FNDA:0,(anonymous_6)
FNDA:0,(anonymous_7)
DA:10,6
DA:11,6
DA:12,6
DA:13,6
DA:14,6
DA:15,6
DA:30,6
DA:46,53
DA:47,53
DA:48,53
DA:49,53
DA:50,53
DA:51,53
DA:52,53
DA:53,53
DA:54,53
DA:56,53
DA:57,53
DA:58,53
DA:59,53
DA:60,53
DA:61,53
DA:62,53
DA:63,53
DA:64,53
DA:76,6
DA:77,7
DA:78,0
DA:81,7
DA:82,0
DA:85,7
DA:97,6
DA:99,40
DA:100,40
DA:101,40
DA:103,40
DA:105,40
DA:106,0
DA:108,40
DA:109,7
DA:111,40
DA:112,13
DA:114,40
DA:115,6
DA:117,40
DA:118,0
DA:120,40
DA:123,6
DA:129,6
DA:130,0
DA:132,6
DA:136,6
DA:142,0
DA:143,0
DA:145,0
DA:149,6
DA:150,0
DA:152,6
LF:58
LH:49
BRDA:10,0,0,6
BRDA:10,0,1,6
BRDA:77,1,0,0
BRDA:77,1,1,7
BRDA:81,2,0,0
BRDA:81,2,1,7
BRDA:103,3,0,40
BRDA:103,3,1,0
BRDA:105,4,0,0
BRDA:105,4,1,40
BRDA:105,5,0,40
BRDA:105,5,1,40
BRDA:106,6,0,0
BRDA:106,6,1,0
BRDA:108,7,0,7
BRDA:108,7,1,33
BRDA:111,8,0,13
BRDA:111,8,1,27
BRDA:114,9,0,6
BRDA:114,9,1,34
BRDA:117,10,0,0
BRDA:117,10,1,40
BRDA:120,11,0,40
BRDA:120,11,1,21
BRDA:129,12,0,0
BRDA:129,12,1,6
BRDA:142,13,0,0
BRDA:142,13,1,0
BRF:28
BRH:18
end_of_record
TN:
SF:C:\Users\yagol\Documents\projects\metaphasejs\src\orm\database.ts
FN:104,(anonymous_0)
FN:108,(anonymous_1)
FN:114,(anonymous_2)
FN:119,(anonymous_3)
FN:128,(anonymous_4)
FN:133,(anonymous_5)
FN:140,(anonymous_6)
FN:144,(anonymous_7)
FN:148,(anonymous_8)
FN:153,(anonymous_9)
FN:155,(anonymous_10)
FN:159,(anonymous_11)
FN:176,(anonymous_12)
FN:182,(anonymous_13)
FNF:14
FNH:6
FNDA:0,(anonymous_0)
FNDA:15,(anonymous_1)
FNDA:91,(anonymous_2)
FNDA:129,(anonymous_3)
FNDA:0,(anonymous_4)
FNDA:38,(anonymous_5)
FNDA:1,(anonymous_6)
FNDA:0,(anonymous_7)
FNDA:37,(anonymous_8)
FNDA:0,(anonymous_9)
FNDA:0,(anonymous_10)
FNDA:0,(anonymous_11)
FNDA:0,(anonymous_12)
FNDA:0,(anonymous_13)
DA:2,6
DA:5,6
DA:102,6
DA:104,6
DA:105,0
DA:108,6
DA:109,15
DA:110,15
DA:111,15
DA:114,6
DA:115,91
DA:116,91
DA:119,6
DA:120,129
DA:121,129
DA:122,100
DA:124,127
DA:125,127
DA:128,6
DA:129,0
DA:130,0
DA:133,6
DA:134,38
DA:135,38
DA:136,38
DA:137,38
DA:140,6
DA:141,1
DA:144,6
DA:145,0
DA:148,6
DA:149,37
DA:150,37
DA:153,6
DA:154,0
DA:156,0
DA:157,0
DA:160,0
DA:161,0
DA:162,0
DA:163,0
DA:164,0
DA:165,0
DA:167,0
DA:169,0
DA:170,0
DA:171,0
DA:172,0
DA:173,0
DA:177,0
DA:178,0
DA:182,6
DA:183,0
DA:184,0
DA:185,0
DA:186,0
DA:187,0
DA:188,0
DA:190,0
DA:191,0
DA:195,6
LF:61
LH:32
BRDA:130,0,0,0
BRDA:130,0,1,0
BRDA:150,1,0,37
BRDA:150,1,1,37
BRDA:156,2,0,0
BRDA:156,2,1,0
BRDA:160,3,0,0
BRDA:160,3,1,0
BRF:8
BRH:2
end_of_record
TN:
SF:C:\Users\yagol\Documents\projects\metaphasejs\src\orm\decorators.ts
FN:9,column
FN:10,(anonymous_1)
FN:57,getDBTypeFromPropType
FNF:3
FNH:1
FNDA:0,column
FNDA:0,(anonymous_1)
FNDA:4,getDBTypeFromPropType
DA:10,0
DA:12,0
DA:14,0
DA:20,0
DA:21,0
DA:23,0
DA:26,0
DA:58,4
DA:61,4
DA:62,1
DA:63,3
DA:64,1
DA:65,2
DA:66,1
DA:68,1
DA:70,3
LF:16
LH:9
BRDA:14,0,0,0
BRDA:14,0,1,0
BRDA:20,1,0,0
BRDA:20,1,1,0
BRDA:29,2,0,0
BRDA:29,2,1,0
BRDA:29,2,2,0
BRDA:30,3,0,0
BRDA:30,3,1,0
BRDA:31,4,0,0
BRDA:31,4,1,0
BRDA:32,5,0,0
BRDA:32,5,1,0
BRDA:33,6,0,0
BRDA:33,6,1,0
BRDA:58,7,0,4
BRDA:58,7,1,4
BRDA:61,8,0,1
BRDA:61,8,1,3
BRDA:63,9,0,1
BRDA:63,9,1,2
BRDA:65,10,0,1
BRDA:65,10,1,1
BRF:23
BRH:8
end_of_record
TN:
SF:C:\Users\yagol\Documents\projects\metaphasejs\src\orm\exceptions.ts
FN:3,(anonymous_5)
FN:5,NotSavedModelError
FN:19,(anonymous_7)
FN:20,InvalidPropTypeError
FN:27,(anonymous_9)
FN:28,InvalidColumnData
FNF:6
FNH:5
FNDA:6,(anonymous_5)
FNDA:1,NotSavedModelError
FNDA:6,(anonymous_7)
FNDA:1,InvalidPropTypeError
FNDA:6,(anonymous_9)
FNDA:0,InvalidColumnData
DA:3,6
DA:5,1
DA:6,1
DA:8,1
DA:9,0
DA:11,1
DA:13,1
DA:15,1
DA:17,6
DA:19,6
DA:21,1
DA:22,1
DA:23,1
DA:25,6
DA:27,6
DA:29,0
DA:30,0
DA:31,0
DA:33,6
LF:19
LH:15
BRDA:6,0,0,1
BRDA:6,0,1,0
BRDA:8,1,0,0
BRDA:8,1,1,1
BRDA:21,2,0,1
BRDA:21,2,1,0
BRDA:29,3,0,0
BRDA:29,3,1,0
BRF:8
BRH:3
end_of_record
TN:
SF:C:\Users\yagol\Documents\projects\metaphasejs\src\orm\model.ts
FN:6,(anonymous_5)
FN:10,Model
FN:21,(anonymous_7)
FN:25,(anonymous_8)
FN:29,(anonymous_9)
FN:34,(anonymous_10)
FN:49,(anonymous_11)
FN:57,(anonymous_12)
FN:66,(anonymous_13)
FN:74,(anonymous_14)
FN:85,(anonymous_15)
FN:110,(anonymous_16)
FN:111,(anonymous_17)
FN:122,(anonymous_18)
FNF:14
FNH:11
FNDA:6,(anonymous_5)
FNDA:86,Model
FNDA:41,(anonymous_7)
FNDA:75,(anonymous_8)
FNDA:33,(anonymous_9)
FNDA:14,(anonymous_10)
FNDA:1,(anonymous_11)
FNDA:1,(anonymous_12)
FNDA:19,(anonymous_13)
FNDA:18,(anonymous_14)
FNDA:21,(anonymous_15)
FNDA:0,(anonymous_16)
FNDA:0,(anonymous_17)
FNDA:0,(anonymous_18)
DA:6,6
DA:11,86
DA:12,86
DA:21,6
DA:22,41
DA:25,6
DA:26,75
DA:29,6
DA:30,33
DA:34,6
DA:35,14
DA:36,0
DA:38,14
DA:39,1
DA:41,13
DA:42,13
DA:43,13
DA:49,6
DA:50,1
DA:51,0
DA:53,1
DA:54,1
DA:55,1
DA:56,1
DA:57,1
DA:66,6
DA:67,19
DA:68,0
DA:70,19
DA:71,19
DA:72,19
DA:73,19
DA:74,19
DA:76,0
DA:77,0
DA:78,0
DA:85,6
DA:86,21
DA:87,15
DA:88,15
DA:89,15
DA:90,15
DA:91,15
DA:92,15
DA:93,13
DA:94,13
DA:110,6
DA:111,0
DA:112,0
DA:113,0
DA:115,0
DA:116,0
DA:119,0
DA:122,6
DA:123,0
DA:176,6
LF:56
LH:43
BRDA:11,0,0,86
BRDA:11,0,1,86
BRDA:35,1,0,0
BRDA:35,1,1,14
BRDA:38,2,0,1
BRDA:38,2,1,13
BRDA:50,3,0,0
BRDA:50,3,1,1
BRDA:67,4,0,0
BRDA:67,4,1,19
BRDA:86,5,0,15
BRDA:86,5,1,6
BRDA:111,6,0,0
BRDA:111,6,1,0
BRF:14
BRH:9
end_of_record
TN:
SF:C:\Users\yagol\Documents\projects\metaphasejs\src\orm\query.builder.ts
FN:44,(anonymous_0)
FN:52,(anonymous_1)
FNF:2
FNH:2
FNDA:76,(anonymous_0)
FNDA:4,(anonymous_1)
DA:1,6
DA:7,6
DA:12,0
DA:20,6
DA:21,6
DA:26,6
DA:32,6
DA:44,6
DA:45,76
DA:52,6
DA:53,4
LF:11
LH:10
BRDA:7,0,0,0
BRDA:7,0,1,6
BRDA:20,1,0,6
BRDA:20,1,1,0
BRF:4
BRH:2
end_of_record
TN:
SF:C:\Users\yagol\Documents\projects\metaphasejs\src\orm\types.ts
FN:1,(anonymous_0)
FNF:1
FNH:1
FNDA:6,(anonymous_0)
DA:1,6
DA:2,6
DA:3,6
DA:4,6
DA:5,6
DA:6,6
DA:7,6
DA:8,6
DA:9,6
LF:9
LH:9
BRDA:1,0,0,6
BRDA:1,0,1,6
BRF:2
BRH:2
end_of_record
TN:
SF:C:\Users\yagol\Documents\projects\metaphasejs\src\orm\yago.logger.ts
FN:16,(anonymous_0)
FN:30,updateQueryStringParameter
FN:49,disableConsole
FN:51,(anonymous_3)
FN:52,(anonymous_4)
FN:53,(anonymous_5)
FN:78,logQuery
FN:96,log
FNF:8
FNH:6
FNDA:6,(anonymous_0)
FNDA:0,updateQueryStringParameter
FNDA:6,disableConsole
FNDA:189,(anonymous_3)
FNDA:16,(anonymous_4)
FNDA:2,(anonymous_5)
FNDA:149,logQuery
FNDA:0,log
DA:9,6
DA:16,6
DA:17,6
DA:18,6
DA:19,6
DA:20,6
DA:31,0
DA:32,0
DA:33,0
DA:34,0
DA:37,0
DA:42,6
DA:43,6
DA:51,6
DA:52,6
DA:53,6
DA:56,6
DA:57,6
DA:65,6
DA:79,149
DA:80,109
DA:81,109
DA:83,40
DA:84,40
DA:85,40
DA:87,0
DA:97,0
LF:27
LH:20
BRDA:20,0,0,6
BRDA:20,0,1,0
BRDA:32,1,0,0
BRDA:32,1,1,0
BRDA:33,2,0,0
BRDA:33,2,1,0
BRDA:43,3,0,6
BRDA:43,3,1,6
BRDA:56,4,0,6
BRDA:56,4,1,0
BRDA:79,5,0,109
BRDA:79,5,1,40
BRDA:83,6,0,40
BRDA:83,6,1,0
BRF:14
BRH:7
end_of_record
